Using pre-set license
Built from 'trunk' branch; Version is '6000.0.1f1 (d9cf669c6271) revision 14274406'; Using compiler version '193933522'; Build Type 'Release'
OS: 'Windows 11  (10.0.22631) 64bit Education' Language: 'en' Physical Memory: 65439 MB
BatchMode: 1, IsHumanControllingUs: 0, StartBugReporterOnCrash: 0, Is64bit: 1, IsPro: 1

COMMAND LINE ARGUMENTS:
C:\Program Files\Unity\Hub\Editor\6000.0.1f1\Editor\Unity.exe
-adb2
-batchMode
-noUpm
-name
AssetImportWorker3
-projectPath
C:/Unity Projects/PrototypeGame
-logFile
Logs/AssetImportWorker3.log
-srvPort
59677
-job-worker-count
11
-background-job-worker-count
8
-asset-garbage-collectors
1
Successfully changed project path to: C:/Unity Projects/PrototypeGame
C:/Unity Projects/PrototypeGame
[UnityMemory] Configuration Parameters - Can be set up in boot.config
    "memorysetup-bucket-allocator-granularity=16"
    "memorysetup-bucket-allocator-bucket-count=8"
    "memorysetup-bucket-allocator-block-size=33554432"
    "memorysetup-bucket-allocator-block-count=8"
    "memorysetup-main-allocator-block-size=16777216"
    "memorysetup-thread-allocator-block-size=16777216"
    "memorysetup-gfx-main-allocator-block-size=16777216"
    "memorysetup-gfx-thread-allocator-block-size=16777216"
    "memorysetup-cache-allocator-block-size=4194304"
    "memorysetup-typetree-allocator-block-size=2097152"
    "memorysetup-profiler-bucket-allocator-granularity=16"
    "memorysetup-profiler-bucket-allocator-bucket-count=8"
    "memorysetup-profiler-bucket-allocator-block-size=33554432"
    "memorysetup-profiler-bucket-allocator-block-count=8"
    "memorysetup-profiler-allocator-block-size=16777216"
    "memorysetup-profiler-editor-allocator-block-size=1048576"
    "memorysetup-temp-allocator-size-main=16777216"
    "memorysetup-job-temp-allocator-block-size=2097152"
    "memorysetup-job-temp-allocator-block-size-background=1048576"
    "memorysetup-job-temp-allocator-reduction-small-platforms=262144"
    "memorysetup-allocator-temp-initial-block-size-main=262144"
    "memorysetup-allocator-temp-initial-block-size-worker=262144"
    "memorysetup-temp-allocator-size-background-worker=32768"
    "memorysetup-temp-allocator-size-job-worker=262144"
    "memorysetup-temp-allocator-size-preload-manager=33554432"
    "memorysetup-temp-allocator-size-nav-mesh-worker=65536"
    "memorysetup-temp-allocator-size-audio-worker=65536"
    "memorysetup-temp-allocator-size-cloud-worker=32768"
    "memorysetup-temp-allocator-size-gi-baking-worker=262144"
    "memorysetup-temp-allocator-size-gi-baking-worker=262144"
    "memorysetup-temp-allocator-size-gi-baking-worker=262144"
    "memorysetup-temp-allocator-size-gi-baking-worker=262144"
    "memorysetup-temp-allocator-size-gi-baking-worker=262144"
    "memorysetup-temp-allocator-size-gfx=262144"
Player connection [30468]  Target information:

Player connection [30468]  * "[IP] 192.168.12.208 [Port] 0 [Flags] 2 [Guid] 3666703208 [EditorId] 3666703208 [Version] 1048832 [Id] WindowsEditor(7,Admin) [Debug] 1 [PackageName] WindowsEditor [ProjectName] Editor" 

Player connection [30468] Host joined multi-casting on [225.0.0.222:54997]...
Player connection [30468] Host joined alternative multi-casting on [225.0.0.222:34997]...
JobSystem: Creating JobQueue using job-worker-count value 11
Library Redirect Path: Library/
[PhysX] Initialized MultithreadedTaskDispatcher with 12 workers.
Refreshing native plugins compatible for Editor in 2.92 ms, found 4 plugins.
Preloading 0 native plugins for Editor in 0.00 ms.
Initialize engine version: 6000.0.1f1 (d9cf669c6271)
[Subsystems] Discovering subsystems at path C:/Program Files/Unity/Hub/Editor/6000.0.1f1/Editor/Data/Resources/UnitySubsystems
[Subsystems] Discovering subsystems at path C:/Unity Projects/PrototypeGame/Assets
GfxDevice: creating device client; kGfxThreadingModeNonThreaded
Direct3D:
    Version:  Direct3D 11.0 [level 11.1]
    Renderer: NVIDIA GeForce RTX 3080 Ti (ID=0x2208)
    Vendor:   NVIDIA
    VRAM:     12086 MB
    Driver:   32.0.15.6070
Initialize mono
Mono path[0] = 'C:/Program Files/Unity/Hub/Editor/6000.0.1f1/Editor/Data/Managed'
Mono path[1] = 'C:/Program Files/Unity/Hub/Editor/6000.0.1f1/Editor/Data/MonoBleedingEdge/lib/mono/unityjit-win32'
Mono config path = 'C:/Program Files/Unity/Hub/Editor/6000.0.1f1/Editor/Data/MonoBleedingEdge/etc'
Using monoOptions --debugger-agent=transport=dt_socket,embedding=1,server=y,suspend=n,address=127.0.0.1:56492
Begin MonoManager ReloadAssembly
Registering precompiled unity dll's ...
Register platform support module: C:/Program Files/Unity/Hub/Editor/6000.0.1f1/Editor/Data/PlaybackEngines/WebGLSupport/UnityEditor.WebGL.Extensions.dll
Register platform support module: C:/Program Files/Unity/Hub/Editor/6000.0.1f1/Editor/Data/PlaybackEngines/WindowsStandaloneSupport/UnityEditor.WindowsStandalone.Extensions.dll
Register platform support module: C:/Program Files/Unity/Hub/Editor/6000.0.1f1/Editor/Data/PlaybackEngines/MetroSupport/UnityEditor.UWP.Extensions.dll
Registered in 0.005225 seconds.
- Loaded All Assemblies, in  0.479 seconds
Native extension for UWP target not found
Native extension for WindowsStandalone target not found
Native extension for WebGL target not found
Mono: successfully reloaded assembly
- Finished resetting the current domain, in  0.458 seconds
Domain Reload Profiling: 936ms
	BeginReloadAssembly (181ms)
		ExecutionOrderSort (0ms)
		DisableScriptedObjects (0ms)
		BackupInstance (0ms)
		ReleaseScriptingObjects (0ms)
		CreateAndSetChildDomain (1ms)
	RebuildCommonClasses (41ms)
	RebuildNativeTypeToScriptingClass (10ms)
	initialDomainReloadingComplete (56ms)
	LoadAllAssembliesAndSetupDomain (189ms)
		LoadAssemblies (179ms)
		RebuildTransferFunctionScriptingTraits (0ms)
		AnalyzeDomain (184ms)
			TypeCache.Refresh (183ms)
				TypeCache.ScanAssembly (167ms)
			BuildScriptInfoCaches (0ms)
			ResolveRequiredComponents (0ms)
	FinalizeReload (459ms)
		ReleaseScriptCaches (0ms)
		RebuildScriptCaches (0ms)
		SetupLoadedEditorAssemblies (389ms)
			LogAssemblyErrors (0ms)
			InitializePlatformSupportModulesInManaged (51ms)
			SetLoadedEditorAssemblies (4ms)
			BeforeProcessingInitializeOnLoad (6ms)
			ProcessInitializeOnLoadAttributes (160ms)
			ProcessInitializeOnLoadMethodAttributes (168ms)
			AfterProcessingInitializeOnLoad (0ms)
			EditorAssembliesLoaded (0ms)
		ExecutionOrderSort2 (0ms)
		AwakeInstancesAfterBackupRestoration (0ms)
Assembly reference Packages/com.unity.cinemachine/Editor/Samples/ExposeHDRPInternals/HDRP-Editor-ref.asmref has no target assembly definition
========================================================================
Worker process is ready to serve import requests
Import Worker Mode flag is 0x00
Assembly reference Packages/com.unity.cinemachine/Editor/Samples/ExposeHDRPInternals/HDRP-Editor-ref.asmref has no target assembly definition
Assembly reference Packages/com.unity.cinemachine/Editor/Samples/ExposeHDRPInternals/HDRP-Editor-ref.asmref has no target assembly definition
Begin MonoManager ReloadAssembly
- Loaded All Assemblies, in  1.254 seconds
Assembly reference Packages/com.unity.cinemachine/Editor/Samples/ExposeHDRPInternals/HDRP-Editor-ref.asmref has no target assembly definition
Refreshing native plugins compatible for Editor in 2.07 ms, found 4 plugins.
Native extension for UWP target not found
Native extension for WindowsStandalone target not found
Native extension for WebGL target not found
Assembly reference Packages/com.unity.cinemachine/Editor/Samples/ExposeHDRPInternals/HDRP-Editor-ref.asmref has no target assembly definition
Package Manager log level set to [2]
[Package Manager] Failed to launch server process. Reason: Unity was launched with the -noUpm command-line argument
[Package Manager] Unable to send message (not connected to server process).
[Package Manager] Cannot connect to Unity Package Manager local server
Mono: successfully reloaded assembly
- Finished resetting the current domain, in  1.052 seconds
Domain Reload Profiling: 2299ms
	BeginReloadAssembly (376ms)
		ExecutionOrderSort (0ms)
		DisableScriptedObjects (6ms)
		BackupInstance (0ms)
		ReleaseScriptingObjects (0ms)
		CreateAndSetChildDomain (33ms)
	RebuildCommonClasses (35ms)
	RebuildNativeTypeToScriptingClass (11ms)
	initialDomainReloadingComplete (66ms)
	LoadAllAssembliesAndSetupDomain (758ms)
		LoadAssemblies (444ms)
		RebuildTransferFunctionScriptingTraits (0ms)
		AnalyzeDomain (410ms)
			TypeCache.Refresh (303ms)
				TypeCache.ScanAssembly (277ms)
			BuildScriptInfoCaches (88ms)
			ResolveRequiredComponents (15ms)
	FinalizeReload (1052ms)
		ReleaseScriptCaches (0ms)
		RebuildScriptCaches (0ms)
		SetupLoadedEditorAssemblies (798ms)
			LogAssemblyErrors (0ms)
			InitializePlatformSupportModulesInManaged (17ms)
			SetLoadedEditorAssemblies (4ms)
			BeforeProcessingInitializeOnLoad (67ms)
			ProcessInitializeOnLoadAttributes (471ms)
			ProcessInitializeOnLoadMethodAttributes (234ms)
			AfterProcessingInitializeOnLoad (5ms)
			EditorAssembliesLoaded (0ms)
		ExecutionOrderSort2 (0ms)
		AwakeInstancesAfterBackupRestoration (6ms)
Launched and connected shader compiler UnityShaderCompiler.exe after 0.01 seconds
Refreshing native plugins compatible for Editor in 4.58 ms, found 4 plugins.
Preloading 0 native plugins for Editor in 0.00 ms.
Unloading 220 Unused Serialized files (Serialized files now loaded: 0)
Unloading 7028 unused Assets / (2.4 MB). Loaded Objects now: 7882.
Memory consumption went from 198.7 MB to 196.2 MB.
Total: 25.561600 ms (FindLiveObjects: 1.156500 ms CreateObjectMapping: 0.835800 ms MarkObjects: 20.786400 ms  DeleteObjects: 2.781500 ms)

========================================================================
Received Import Request.
  Time since last request: 538912.843851 seconds.
  path: Assets/tileset_78.asset
  artifactKey: Guid(63d8046776db62c40897fac06a007d88) Importer(815301076,1909f56bfc062723c751e8b465ee728b)
Start importing Assets/tileset_78.asset using Guid(63d8046776db62c40897fac06a007d88) Importer(815301076,1909f56bfc062723c751e8b465ee728b) (PreviewImporter)[PhysX] Initialized MultithreadedTaskDispatcher with 12 workers.
 -> (artifact id: '28d7f41119ff51e8760e5db7e95aa9c6') in 0.0598595 seconds
Number of updated asset objects reloaded before import = 0Number of asset objects unloaded after import = 3

========================================================================
Received Import Request.
  Time since last request: 0.000017 seconds.
  path: Assets/tileset_85.asset
  artifactKey: Guid(3c12e89db24585641b806cc13ffc44da) Importer(815301076,1909f56bfc062723c751e8b465ee728b)
Start importing Assets/tileset_85.asset using Guid(3c12e89db24585641b806cc13ffc44da) Importer(815301076,1909f56bfc062723c751e8b465ee728b) (PreviewImporter)[PhysX] Initialized MultithreadedTaskDispatcher with 12 workers.
 -> (artifact id: '45d9c483856f41cf565a205f18847c30') in 0.0098553 seconds
Number of updated asset objects reloaded before import = 0Number of asset objects unloaded after import = 3

========================================================================
Received Import Request.
  Time since last request: 0.000019 seconds.
  path: Assets/tileset_87.asset
  artifactKey: Guid(f519e2331476c5146bfa093151706686) Importer(815301076,1909f56bfc062723c751e8b465ee728b)
Start importing Assets/tileset_87.asset using Guid(f519e2331476c5146bfa093151706686) Importer(815301076,1909f56bfc062723c751e8b465ee728b) (PreviewImporter)[PhysX] Initialized MultithreadedTaskDispatcher with 12 workers.
 -> (artifact id: '39a2dba3307f9ad0c73259d262f24854') in 0.007445 seconds
Number of updated asset objects reloaded before import = 0Number of asset objects unloaded after import = 3

========================================================================
Received Import Request.
  Time since last request: 0.202087 seconds.
  path: Assets/tileset_100.asset
  artifactKey: Guid(3daf5c11bd6828646b044e6a69c0fb92) Importer(815301076,1909f56bfc062723c751e8b465ee728b)
Start importing Assets/tileset_100.asset using Guid(3daf5c11bd6828646b044e6a69c0fb92) Importer(815301076,1909f56bfc062723c751e8b465ee728b) (PreviewImporter)[PhysX] Initialized MultithreadedTaskDispatcher with 12 workers.
 -> (artifact id: '5e1032e742a20f42e2fe79231825611f') in 0.0100362 seconds
Number of updated asset objects reloaded before import = 0Number of asset objects unloaded after import = 3

========================================================================
Received Import Request.
  Time since last request: 0.000012 seconds.
  path: Assets/tileset_109.asset
  artifactKey: Guid(c532f4484b8636c479fabf6ba4fd8595) Importer(815301076,1909f56bfc062723c751e8b465ee728b)
Start importing Assets/tileset_109.asset using Guid(c532f4484b8636c479fabf6ba4fd8595) Importer(815301076,1909f56bfc062723c751e8b465ee728b) (PreviewImporter)[PhysX] Initialized MultithreadedTaskDispatcher with 12 workers.
 -> (artifact id: 'da5ce0c7a915c76f54bf2a3048294f7b') in 0.009144 seconds
Number of updated asset objects reloaded before import = 0Number of asset objects unloaded after import = 3

========================================================================
Received Import Request.
  Time since last request: 0.260661 seconds.
  path: Assets/tileset_115.asset
  artifactKey: Guid(a0ff6d9de18f07c45a8e7619ca1d08ee) Importer(815301076,1909f56bfc062723c751e8b465ee728b)
Start importing Assets/tileset_115.asset using Guid(a0ff6d9de18f07c45a8e7619ca1d08ee) Importer(815301076,1909f56bfc062723c751e8b465ee728b) (PreviewImporter)[PhysX] Initialized MultithreadedTaskDispatcher with 12 workers.
 -> (artifact id: 'd03b865b1bdcccc9a9bf7f26e8a81509') in 0.0080414 seconds
Number of updated asset objects reloaded before import = 0Number of asset objects unloaded after import = 3

========================================================================
Received Import Request.
  Time since last request: 0.000012 seconds.
  path: Assets/tileset_125.asset
  artifactKey: Guid(d370bccaa3733cd4bad588ec0ecc6242) Importer(815301076,1909f56bfc062723c751e8b465ee728b)
Start importing Assets/tileset_125.asset using Guid(d370bccaa3733cd4bad588ec0ecc6242) Importer(815301076,1909f56bfc062723c751e8b465ee728b) (PreviewImporter)[PhysX] Initialized MultithreadedTaskDispatcher with 12 workers.
 -> (artifact id: 'ceb71f34c74a9819087460719a3c7b18') in 0.0073645 seconds
Number of updated asset objects reloaded before import = 0Number of asset objects unloaded after import = 3

========================================================================
Received Import Request.
  Time since last request: 0.231613 seconds.
  path: Assets/tileset_130.asset
  artifactKey: Guid(da3123b3342ba0f4b8690baf436fde64) Importer(815301076,1909f56bfc062723c751e8b465ee728b)
Start importing Assets/tileset_130.asset using Guid(da3123b3342ba0f4b8690baf436fde64) Importer(815301076,1909f56bfc062723c751e8b465ee728b) (PreviewImporter)[PhysX] Initialized MultithreadedTaskDispatcher with 12 workers.
 -> (artifact id: 'cf785fb9c5500db195da8427da91713a') in 0.008448 seconds
Number of updated asset objects reloaded before import = 0Number of asset objects unloaded after import = 3

========================================================================
Received Import Request.
  Time since last request: 0.000014 seconds.
  path: Assets/tileset_132.asset
  artifactKey: Guid(a491621b6a627f149829be5f2ae4da61) Importer(815301076,1909f56bfc062723c751e8b465ee728b)
Start importing Assets/tileset_132.asset using Guid(a491621b6a627f149829be5f2ae4da61) Importer(815301076,1909f56bfc062723c751e8b465ee728b) (PreviewImporter)[PhysX] Initialized MultithreadedTaskDispatcher with 12 workers.
 -> (artifact id: 'e195e08667e3931f784f80ce531fc37c') in 0.0095743 seconds
Number of updated asset objects reloaded before import = 0Number of asset objects unloaded after import = 3

========================================================================
Received Import Request.
  Time since last request: 23.382883 seconds.
  path: Assets/WebsiteLevelFiles/tileset_4.asset
  artifactKey: Guid(4fe22b37f194ab3419b630904edda1b2) Importer(815301076,1909f56bfc062723c751e8b465ee728b)
Start importing Assets/WebsiteLevelFiles/tileset_4.asset using Guid(4fe22b37f194ab3419b630904edda1b2) Importer(815301076,1909f56bfc062723c751e8b465ee728b) (PreviewImporter)[PhysX] Initialized MultithreadedTaskDispatcher with 12 workers.
 -> (artifact id: '8c96f7581b049518677e396bfe3d3723') in 0.0055356 seconds
Number of updated asset objects reloaded before import = 0Number of asset objects unloaded after import = 3

========================================================================
Received Import Request.
  Time since last request: 0.000015 seconds.
  path: Assets/WebsiteLevelFiles/tileset_34.asset
  artifactKey: Guid(a6a3b886e705dbb4983b8e9ee03d3f74) Importer(815301076,1909f56bfc062723c751e8b465ee728b)
Start importing Assets/WebsiteLevelFiles/tileset_34.asset using Guid(a6a3b886e705dbb4983b8e9ee03d3f74) Importer(815301076,1909f56bfc062723c751e8b465ee728b) (PreviewImporter)[PhysX] Initialized MultithreadedTaskDispatcher with 12 workers.
 -> (artifact id: '580de63e3a165a5b847f24df096066ee') in 0.0048534 seconds
Number of updated asset objects reloaded before import = 0Number of asset objects unloaded after import = 3

========================================================================
Received Import Request.
  Time since last request: 0.000017 seconds.
  path: Assets/WebsiteLevelFiles/tileset_20.asset
  artifactKey: Guid(2f4aeb248e2ef5b42bee64732163439f) Importer(815301076,1909f56bfc062723c751e8b465ee728b)
Start importing Assets/WebsiteLevelFiles/tileset_20.asset using Guid(2f4aeb248e2ef5b42bee64732163439f) Importer(815301076,1909f56bfc062723c751e8b465ee728b) (PreviewImporter)[PhysX] Initialized MultithreadedTaskDispatcher with 12 workers.
 -> (artifact id: '7dde998c15630f222fe734bd3f5aa1bc') in 0.0085582 seconds
Number of updated asset objects reloaded before import = 0Number of asset objects unloaded after import = 3

========================================================================
Received Import Request.
  Time since last request: 0.000013 seconds.
  path: Assets/WebsiteLevelFiles/tileset_58.asset
  artifactKey: Guid(696fbf4b7fa789e4582885b713dc8f31) Importer(815301076,1909f56bfc062723c751e8b465ee728b)
Start importing Assets/WebsiteLevelFiles/tileset_58.asset using Guid(696fbf4b7fa789e4582885b713dc8f31) Importer(815301076,1909f56bfc062723c751e8b465ee728b) (PreviewImporter)[PhysX] Initialized MultithreadedTaskDispatcher with 12 workers.
 -> (artifact id: '3de635ef032a5d7434e36173580b86cb') in 0.0046552 seconds
Number of updated asset objects reloaded before import = 0Number of asset objects unloaded after import = 3

========================================================================
Received Import Request.
  Time since last request: 0.000016 seconds.
  path: Assets/WebsiteLevelFiles/tileset_18.asset
  artifactKey: Guid(b88715cc14f720f45a6b81c8b9bcfa39) Importer(815301076,1909f56bfc062723c751e8b465ee728b)
Start importing Assets/WebsiteLevelFiles/tileset_18.asset using Guid(b88715cc14f720f45a6b81c8b9bcfa39) Importer(815301076,1909f56bfc062723c751e8b465ee728b) (PreviewImporter)[PhysX] Initialized MultithreadedTaskDispatcher with 12 workers.
 -> (artifact id: '3db337e613cf0e0850a6d57d6bef6ae9') in 0.0079165 seconds
Number of updated asset objects reloaded before import = 0Number of asset objects unloaded after import = 3

========================================================================
Received Import Request.
  Time since last request: 0.000018 seconds.
  path: Assets/WebsiteLevelFiles/tileset_23.asset
  artifactKey: Guid(979aa8835f795934d80c44a7190fc5aa) Importer(815301076,1909f56bfc062723c751e8b465ee728b)
Start importing Assets/WebsiteLevelFiles/tileset_23.asset using Guid(979aa8835f795934d80c44a7190fc5aa) Importer(815301076,1909f56bfc062723c751e8b465ee728b) (PreviewImporter)[PhysX] Initialized MultithreadedTaskDispatcher with 12 workers.
 -> (artifact id: '7042d0527987d55f07d413d47bd2fdff') in 0.0048139 seconds
Number of updated asset objects reloaded before import = 0Number of asset objects unloaded after import = 3

========================================================================
Received Import Request.
  Time since last request: 0.000014 seconds.
  path: Assets/WebsiteLevelFiles/tileset_48.asset
  artifactKey: Guid(89002b3b7521a6040891759fc20b1012) Importer(815301076,1909f56bfc062723c751e8b465ee728b)
Start importing Assets/WebsiteLevelFiles/tileset_48.asset using Guid(89002b3b7521a6040891759fc20b1012) Importer(815301076,1909f56bfc062723c751e8b465ee728b) (PreviewImporter)[PhysX] Initialized MultithreadedTaskDispatcher with 12 workers.
 -> (artifact id: 'a7742996120a6ddda4f9cb85e62b42cd') in 0.0087017 seconds
Number of updated asset objects reloaded before import = 0Number of asset objects unloaded after import = 3

========================================================================
Received Import Request.
  Time since last request: 0.000012 seconds.
  path: Assets/WebsiteLevelFiles/tileset_15.asset
  artifactKey: Guid(fd455cddf748ffb4887e2279cde6bbd7) Importer(815301076,1909f56bfc062723c751e8b465ee728b)
Start importing Assets/WebsiteLevelFiles/tileset_15.asset using Guid(fd455cddf748ffb4887e2279cde6bbd7) Importer(815301076,1909f56bfc062723c751e8b465ee728b) (PreviewImporter)[PhysX] Initialized MultithreadedTaskDispatcher with 12 workers.
 -> (artifact id: '2639fb788e6af0e445743e5a1c5b463d') in 0.0095135 seconds
Number of updated asset objects reloaded before import = 0Number of asset objects unloaded after import = 3

========================================================================
Received Import Request.
  Time since last request: 0.000014 seconds.
  path: Assets/WebsiteLevelFiles/tileset_27.asset
  artifactKey: Guid(0d8f59ea5e7e5df4a8508025fbb8e38a) Importer(815301076,1909f56bfc062723c751e8b465ee728b)
Start importing Assets/WebsiteLevelFiles/tileset_27.asset using Guid(0d8f59ea5e7e5df4a8508025fbb8e38a) Importer(815301076,1909f56bfc062723c751e8b465ee728b) (PreviewImporter)[PhysX] Initialized MultithreadedTaskDispatcher with 12 workers.
 -> (artifact id: '9f1bc27be4cba7181fc2700afe84f1fb') in 0.0081096 seconds
Number of updated asset objects reloaded before import = 0Number of asset objects unloaded after import = 3

========================================================================
Received Import Request.
  Time since last request: 0.000012 seconds.
  path: Assets/WebsiteLevelFiles/tileset_29.asset
  artifactKey: Guid(0253163c7a2c75242a851df3ee22820e) Importer(815301076,1909f56bfc062723c751e8b465ee728b)
Start importing Assets/WebsiteLevelFiles/tileset_29.asset using Guid(0253163c7a2c75242a851df3ee22820e) Importer(815301076,1909f56bfc062723c751e8b465ee728b) (PreviewImporter)[PhysX] Initialized MultithreadedTaskDispatcher with 12 workers.
 -> (artifact id: 'f732672198f32a41b224942ffbe33d92') in 0.004132 seconds
Number of updated asset objects reloaded before import = 0Number of asset objects unloaded after import = 3

Editor requested this worker to shutdown with reason: Scaling down because of idle timeout
AssetImportWorker is now disconnected from the server
Process exiting
Exiting without the bug reporter. Application will terminate with return code 0