Using pre-set license
Built from 'trunk' branch; Version is '6000.0.1f1 (d9cf669c6271) revision 14274406'; Using compiler version '193933522'; Build Type 'Release'
OS: 'Windows 11  (10.0.22631) 64bit Education' Language: 'en' Physical Memory: 65439 MB
BatchMode: 1, IsHumanControllingUs: 0, StartBugReporterOnCrash: 0, Is64bit: 1, IsPro: 1

COMMAND LINE ARGUMENTS:
C:\Program Files\Unity\Hub\Editor\6000.0.1f1\Editor\Unity.exe
-adb2
-batchMode
-noUpm
-name
AssetImportWorker1
-projectPath
C:/Unity Projects/PrototypeGame
-logFile
Logs/AssetImportWorker1.log
-srvPort
59677
-job-worker-count
11
-background-job-worker-count
8
-asset-garbage-collectors
1
Successfully changed project path to: C:/Unity Projects/PrototypeGame
C:/Unity Projects/PrototypeGame
[UnityMemory] Configuration Parameters - Can be set up in boot.config
    "memorysetup-bucket-allocator-granularity=16"
    "memorysetup-bucket-allocator-bucket-count=8"
    "memorysetup-bucket-allocator-block-size=33554432"
    "memorysetup-bucket-allocator-block-count=8"
    "memorysetup-main-allocator-block-size=16777216"
    "memorysetup-thread-allocator-block-size=16777216"
    "memorysetup-gfx-main-allocator-block-size=16777216"
    "memorysetup-gfx-thread-allocator-block-size=16777216"
    "memorysetup-cache-allocator-block-size=4194304"
    "memorysetup-typetree-allocator-block-size=2097152"
    "memorysetup-profiler-bucket-allocator-granularity=16"
    "memorysetup-profiler-bucket-allocator-bucket-count=8"
    "memorysetup-profiler-bucket-allocator-block-size=33554432"
    "memorysetup-profiler-bucket-allocator-block-count=8"
    "memorysetup-profiler-allocator-block-size=16777216"
    "memorysetup-profiler-editor-allocator-block-size=1048576"
    "memorysetup-temp-allocator-size-main=16777216"
    "memorysetup-job-temp-allocator-block-size=2097152"
    "memorysetup-job-temp-allocator-block-size-background=1048576"
    "memorysetup-job-temp-allocator-reduction-small-platforms=262144"
    "memorysetup-allocator-temp-initial-block-size-main=262144"
    "memorysetup-allocator-temp-initial-block-size-worker=262144"
    "memorysetup-temp-allocator-size-background-worker=32768"
    "memorysetup-temp-allocator-size-job-worker=262144"
    "memorysetup-temp-allocator-size-preload-manager=33554432"
    "memorysetup-temp-allocator-size-nav-mesh-worker=65536"
    "memorysetup-temp-allocator-size-audio-worker=65536"
    "memorysetup-temp-allocator-size-cloud-worker=32768"
    "memorysetup-temp-allocator-size-gi-baking-worker=262144"
    "memorysetup-temp-allocator-size-gi-baking-worker=262144"
    "memorysetup-temp-allocator-size-gi-baking-worker=262144"
    "memorysetup-temp-allocator-size-gi-baking-worker=262144"
    "memorysetup-temp-allocator-size-gi-baking-worker=262144"
    "memorysetup-temp-allocator-size-gfx=262144"
Player connection [11976]  Target information:

Player connection [11976]  * "[IP] 192.168.12.208 [Port] 0 [Flags] 2 [Guid] 2995261271 [EditorId] 2995261271 [Version] 1048832 [Id] WindowsEditor(7,Admin) [Debug] 1 [PackageName] WindowsEditor [ProjectName] Editor" 

Player connection [11976] Host joined multi-casting on [225.0.0.222:54997]...
Player connection [11976] Host joined alternative multi-casting on [225.0.0.222:34997]...
JobSystem: Creating JobQueue using job-worker-count value 11
Library Redirect Path: Library/
[PhysX] Initialized MultithreadedTaskDispatcher with 12 workers.
Refreshing native plugins compatible for Editor in 2.61 ms, found 4 plugins.
Preloading 0 native plugins for Editor in 0.00 ms.
Initialize engine version: 6000.0.1f1 (d9cf669c6271)
[Subsystems] Discovering subsystems at path C:/Program Files/Unity/Hub/Editor/6000.0.1f1/Editor/Data/Resources/UnitySubsystems
[Subsystems] Discovering subsystems at path C:/Unity Projects/PrototypeGame/Assets
GfxDevice: creating device client; kGfxThreadingModeNonThreaded
Direct3D:
    Version:  Direct3D 11.0 [level 11.1]
    Renderer: NVIDIA GeForce RTX 3080 Ti (ID=0x2208)
    Vendor:   NVIDIA
    VRAM:     12086 MB
    Driver:   32.0.15.6070
Initialize mono
Mono path[0] = 'C:/Program Files/Unity/Hub/Editor/6000.0.1f1/Editor/Data/Managed'
Mono path[1] = 'C:/Program Files/Unity/Hub/Editor/6000.0.1f1/Editor/Data/MonoBleedingEdge/lib/mono/unityjit-win32'
Mono config path = 'C:/Program Files/Unity/Hub/Editor/6000.0.1f1/Editor/Data/MonoBleedingEdge/etc'
Using monoOptions --debugger-agent=transport=dt_socket,embedding=1,server=y,suspend=n,address=127.0.0.1:56160
Begin MonoManager ReloadAssembly
Registering precompiled unity dll's ...
Register platform support module: C:/Program Files/Unity/Hub/Editor/6000.0.1f1/Editor/Data/PlaybackEngines/WebGLSupport/UnityEditor.WebGL.Extensions.dll
Register platform support module: C:/Program Files/Unity/Hub/Editor/6000.0.1f1/Editor/Data/PlaybackEngines/WindowsStandaloneSupport/UnityEditor.WindowsStandalone.Extensions.dll
Register platform support module: C:/Program Files/Unity/Hub/Editor/6000.0.1f1/Editor/Data/PlaybackEngines/MetroSupport/UnityEditor.UWP.Extensions.dll
Registered in 0.004548 seconds.
- Loaded All Assemblies, in  0.407 seconds
Native extension for UWP target not found
Native extension for WindowsStandalone target not found
Native extension for WebGL target not found
Mono: successfully reloaded assembly
- Finished resetting the current domain, in  0.394 seconds
Domain Reload Profiling: 798ms
	BeginReloadAssembly (151ms)
		ExecutionOrderSort (0ms)
		DisableScriptedObjects (0ms)
		BackupInstance (0ms)
		ReleaseScriptingObjects (0ms)
		CreateAndSetChildDomain (1ms)
	RebuildCommonClasses (36ms)
	RebuildNativeTypeToScriptingClass (11ms)
	initialDomainReloadingComplete (50ms)
	LoadAllAssembliesAndSetupDomain (157ms)
		LoadAssemblies (148ms)
		RebuildTransferFunctionScriptingTraits (0ms)
		AnalyzeDomain (153ms)
			TypeCache.Refresh (152ms)
				TypeCache.ScanAssembly (141ms)
			BuildScriptInfoCaches (0ms)
			ResolveRequiredComponents (0ms)
	FinalizeReload (394ms)
		ReleaseScriptCaches (0ms)
		RebuildScriptCaches (0ms)
		SetupLoadedEditorAssemblies (342ms)
			LogAssemblyErrors (0ms)
			InitializePlatformSupportModulesInManaged (57ms)
			SetLoadedEditorAssemblies (4ms)
			BeforeProcessingInitializeOnLoad (6ms)
			ProcessInitializeOnLoadAttributes (131ms)
			ProcessInitializeOnLoadMethodAttributes (143ms)
			AfterProcessingInitializeOnLoad (0ms)
			EditorAssembliesLoaded (0ms)
		ExecutionOrderSort2 (0ms)
		AwakeInstancesAfterBackupRestoration (0ms)
Assembly reference Packages/com.unity.cinemachine/Editor/Samples/ExposeHDRPInternals/HDRP-Editor-ref.asmref has no target assembly definition
========================================================================
Worker process is ready to serve import requests
Import Worker Mode flag is 0x00
Assembly reference Packages/com.unity.cinemachine/Editor/Samples/ExposeHDRPInternals/HDRP-Editor-ref.asmref has no target assembly definition
Assembly reference Packages/com.unity.cinemachine/Editor/Samples/ExposeHDRPInternals/HDRP-Editor-ref.asmref has no target assembly definition
Begin MonoManager ReloadAssembly
- Loaded All Assemblies, in  1.084 seconds
Assembly reference Packages/com.unity.cinemachine/Editor/Samples/ExposeHDRPInternals/HDRP-Editor-ref.asmref has no target assembly definition
Refreshing native plugins compatible for Editor in 1.70 ms, found 4 plugins.
Native extension for UWP target not found
Native extension for WindowsStandalone target not found
Native extension for WebGL target not found
Assembly reference Packages/com.unity.cinemachine/Editor/Samples/ExposeHDRPInternals/HDRP-Editor-ref.asmref has no target assembly definition
Package Manager log level set to [2]
[Package Manager] Failed to launch server process. Reason: Unity was launched with the -noUpm command-line argument
[Package Manager] Unable to send message (not connected to server process).
[Package Manager] Cannot connect to Unity Package Manager local server
Mono: successfully reloaded assembly
- Finished resetting the current domain, in  0.881 seconds
Domain Reload Profiling: 1958ms
	BeginReloadAssembly (349ms)
		ExecutionOrderSort (0ms)
		DisableScriptedObjects (6ms)
		BackupInstance (0ms)
		ReleaseScriptingObjects (0ms)
		CreateAndSetChildDomain (31ms)
	RebuildCommonClasses (34ms)
	RebuildNativeTypeToScriptingClass (10ms)
	initialDomainReloadingComplete (59ms)
	LoadAllAssembliesAndSetupDomain (625ms)
		LoadAssemblies (420ms)
		RebuildTransferFunctionScriptingTraits (0ms)
		AnalyzeDomain (298ms)
			TypeCache.Refresh (212ms)
				TypeCache.ScanAssembly (191ms)
			BuildScriptInfoCaches (72ms)
			ResolveRequiredComponents (11ms)
	FinalizeReload (881ms)
		ReleaseScriptCaches (0ms)
		RebuildScriptCaches (0ms)
		SetupLoadedEditorAssemblies (672ms)
			LogAssemblyErrors (0ms)
			InitializePlatformSupportModulesInManaged (11ms)
			SetLoadedEditorAssemblies (3ms)
			BeforeProcessingInitializeOnLoad (61ms)
			ProcessInitializeOnLoadAttributes (382ms)
			ProcessInitializeOnLoadMethodAttributes (210ms)
			AfterProcessingInitializeOnLoad (5ms)
			EditorAssembliesLoaded (0ms)
		ExecutionOrderSort2 (0ms)
		AwakeInstancesAfterBackupRestoration (5ms)
Launched and connected shader compiler UnityShaderCompiler.exe after 0.01 seconds
Refreshing native plugins compatible for Editor in 2.26 ms, found 4 plugins.
Preloading 0 native plugins for Editor in 0.00 ms.
Unloading 220 Unused Serialized files (Serialized files now loaded: 0)
Unloading 7028 unused Assets / (5.4 MB). Loaded Objects now: 7882.
Memory consumption went from 198.6 MB to 193.3 MB.
Total: 9.769100 ms (FindLiveObjects: 0.813500 ms CreateObjectMapping: 0.962000 ms MarkObjects: 5.444300 ms  DeleteObjects: 2.547700 ms)

========================================================================
Received Import Request.
  Time since last request: 538894.028488 seconds.
  path: Assets/tileset_1.asset
  artifactKey: Guid(07318d738bd03384f87cf80fc83e7d46) Importer(815301076,1909f56bfc062723c751e8b465ee728b)
Start importing Assets/tileset_1.asset using Guid(07318d738bd03384f87cf80fc83e7d46) Importer(815301076,1909f56bfc062723c751e8b465ee728b) (PreviewImporter)[PhysX] Initialized MultithreadedTaskDispatcher with 12 workers.
 -> (artifact id: '18696a8de453f17c3d1c4f0feb2d94e0') in 0.0652709 seconds
Number of updated asset objects reloaded before import = 0Number of asset objects unloaded after import = 3

========================================================================
Received Import Request.
  Time since last request: 0.000017 seconds.
  path: Assets/tileset_37.asset
  artifactKey: Guid(8c84a3a4106986a4eae4cef01e0167ef) Importer(815301076,1909f56bfc062723c751e8b465ee728b)
Start importing Assets/tileset_37.asset using Guid(8c84a3a4106986a4eae4cef01e0167ef) Importer(815301076,1909f56bfc062723c751e8b465ee728b) (PreviewImporter)[PhysX] Initialized MultithreadedTaskDispatcher with 12 workers.
 -> (artifact id: '8bdbf225a9fa2b02346c75a671237457') in 0.0102354 seconds
Number of updated asset objects reloaded before import = 0Number of asset objects unloaded after import = 3

========================================================================
Received Import Request.
  Time since last request: 0.000022 seconds.
  path: Assets/tileset_14.asset
  artifactKey: Guid(3d89b48ef7b24214ea159f9a19729d4d) Importer(815301076,1909f56bfc062723c751e8b465ee728b)
Start importing Assets/tileset_14.asset using Guid(3d89b48ef7b24214ea159f9a19729d4d) Importer(815301076,1909f56bfc062723c751e8b465ee728b) (PreviewImporter)[PhysX] Initialized MultithreadedTaskDispatcher with 12 workers.
 -> (artifact id: 'd88f58d3d8fb3b90db7400736640d1a1') in 0.0093943 seconds
Number of updated asset objects reloaded before import = 0Number of asset objects unloaded after import = 3

========================================================================
Received Import Request.
  Time since last request: 0.000021 seconds.
  path: Assets/tileset_11.asset
  artifactKey: Guid(155cd34b5e36e0b4da80215a22fc9e37) Importer(815301076,1909f56bfc062723c751e8b465ee728b)
Start importing Assets/tileset_11.asset using Guid(155cd34b5e36e0b4da80215a22fc9e37) Importer(815301076,1909f56bfc062723c751e8b465ee728b) (PreviewImporter)[PhysX] Initialized MultithreadedTaskDispatcher with 12 workers.
 -> (artifact id: '91c2630e29e3655b8c85904a78229d0c') in 0.0082375 seconds
Number of updated asset objects reloaded before import = 0Number of asset objects unloaded after import = 3

========================================================================
Received Import Request.
  Time since last request: 0.000014 seconds.
  path: Assets/tileset_24.asset
  artifactKey: Guid(31393874235158c469e88cfadc2ba500) Importer(815301076,1909f56bfc062723c751e8b465ee728b)
Start importing Assets/tileset_24.asset using Guid(31393874235158c469e88cfadc2ba500) Importer(815301076,1909f56bfc062723c751e8b465ee728b) (PreviewImporter)[PhysX] Initialized MultithreadedTaskDispatcher with 12 workers.
 -> (artifact id: '40291d3f83e642337bf8e840631a3105') in 0.009124 seconds
Number of updated asset objects reloaded before import = 0Number of asset objects unloaded after import = 3

========================================================================
Received Import Request.
  Time since last request: 0.000014 seconds.
  path: Assets/tileset_20.asset
  artifactKey: Guid(5480f935339e0b94a954f6a494c5588a) Importer(815301076,1909f56bfc062723c751e8b465ee728b)
Start importing Assets/tileset_20.asset using Guid(5480f935339e0b94a954f6a494c5588a) Importer(815301076,1909f56bfc062723c751e8b465ee728b) (PreviewImporter)[PhysX] Initialized MultithreadedTaskDispatcher with 12 workers.
 -> (artifact id: '31ca36dc7da0fc0104a018e86ae177fd') in 0.0093115 seconds
Number of updated asset objects reloaded before import = 0Number of asset objects unloaded after import = 3

========================================================================
Received Import Request.
  Time since last request: 0.000016 seconds.
  path: Assets/tileset_17.asset
  artifactKey: Guid(37773a3b710f54a4ba5998428ebfca35) Importer(815301076,1909f56bfc062723c751e8b465ee728b)
Start importing Assets/tileset_17.asset using Guid(37773a3b710f54a4ba5998428ebfca35) Importer(815301076,1909f56bfc062723c751e8b465ee728b) (PreviewImporter)[PhysX] Initialized MultithreadedTaskDispatcher with 12 workers.
 -> (artifact id: '34ac4835f634a04c82c2e54acd8e3e39') in 0.0092331 seconds
Number of updated asset objects reloaded before import = 0Number of asset objects unloaded after import = 3

========================================================================
Received Import Request.
  Time since last request: 0.000016 seconds.
  path: Assets/tileset_26.asset
  artifactKey: Guid(02bc407d8f61ba445a93cda91f62b59d) Importer(815301076,1909f56bfc062723c751e8b465ee728b)
Start importing Assets/tileset_26.asset using Guid(02bc407d8f61ba445a93cda91f62b59d) Importer(815301076,1909f56bfc062723c751e8b465ee728b) (PreviewImporter)[PhysX] Initialized MultithreadedTaskDispatcher with 12 workers.
 -> (artifact id: '16d1c0f95e1f470e6074c1560cd1a999') in 0.008673 seconds
Number of updated asset objects reloaded before import = 0Number of asset objects unloaded after import = 3

========================================================================
Received Import Request.
  Time since last request: 0.000013 seconds.
  path: Assets/tileset_27.asset
  artifactKey: Guid(711bf2c5c54cc084fb5d2b5530a44c12) Importer(815301076,1909f56bfc062723c751e8b465ee728b)
Start importing Assets/tileset_27.asset using Guid(711bf2c5c54cc084fb5d2b5530a44c12) Importer(815301076,1909f56bfc062723c751e8b465ee728b) (PreviewImporter)[PhysX] Initialized MultithreadedTaskDispatcher with 12 workers.
 -> (artifact id: '281c0b0843fcb9009cd3d9523a771e3e') in 0.0081074 seconds
Number of updated asset objects reloaded before import = 0Number of asset objects unloaded after import = 3

========================================================================
Received Import Request.
  Time since last request: 0.000027 seconds.
  path: Assets/tileset_36.asset
  artifactKey: Guid(3a5a8359311f9ab4ea275f95c3b74142) Importer(815301076,1909f56bfc062723c751e8b465ee728b)
Start importing Assets/tileset_36.asset using Guid(3a5a8359311f9ab4ea275f95c3b74142) Importer(815301076,1909f56bfc062723c751e8b465ee728b) (PreviewImporter)[PhysX] Initialized MultithreadedTaskDispatcher with 12 workers.
 -> (artifact id: 'f52f3631b87a8389b9f7b701377c3421') in 0.0093145 seconds
Number of updated asset objects reloaded before import = 0Number of asset objects unloaded after import = 3

========================================================================
Received Import Request.
  Time since last request: 0.000021 seconds.
  path: Assets/tileset_30.asset
  artifactKey: Guid(a10ae6e8a70525447806625f3ac2b428) Importer(815301076,1909f56bfc062723c751e8b465ee728b)
Start importing Assets/tileset_30.asset using Guid(a10ae6e8a70525447806625f3ac2b428) Importer(815301076,1909f56bfc062723c751e8b465ee728b) (PreviewImporter)[PhysX] Initialized MultithreadedTaskDispatcher with 12 workers.
 -> (artifact id: '6598460fd0162b859fb446a29efbc497') in 0.0090067 seconds
Number of updated asset objects reloaded before import = 0Number of asset objects unloaded after import = 3

========================================================================
Received Import Request.
  Time since last request: 0.000018 seconds.
  path: Assets/tileset_33.asset
  artifactKey: Guid(cdcebea98174c0948a0fb02c553cb22c) Importer(815301076,1909f56bfc062723c751e8b465ee728b)
Start importing Assets/tileset_33.asset using Guid(cdcebea98174c0948a0fb02c553cb22c) Importer(815301076,1909f56bfc062723c751e8b465ee728b) (PreviewImporter)[PhysX] Initialized MultithreadedTaskDispatcher with 12 workers.
 -> (artifact id: 'c22c86328a74d06c3971fff93ee9696c') in 0.008388 seconds
Number of updated asset objects reloaded before import = 0Number of asset objects unloaded after import = 3

========================================================================
Received Import Request.
  Time since last request: 0.000018 seconds.
  path: Assets/tileset_19.asset
  artifactKey: Guid(eee9372d3b67d4b48844e3a378c97232) Importer(815301076,1909f56bfc062723c751e8b465ee728b)
Start importing Assets/tileset_19.asset using Guid(eee9372d3b67d4b48844e3a378c97232) Importer(815301076,1909f56bfc062723c751e8b465ee728b) (PreviewImporter)[PhysX] Initialized MultithreadedTaskDispatcher with 12 workers.
 -> (artifact id: 'fcfdd7a94e47a2f8ad39ad1686ec6004') in 0.0109237 seconds
Number of updated asset objects reloaded before import = 0Number of asset objects unloaded after import = 3

========================================================================
Received Import Request.
  Time since last request: 0.000020 seconds.
  path: Assets/tileset_31.asset
  artifactKey: Guid(716464699fec48144a6301d3ea37d5d1) Importer(815301076,1909f56bfc062723c751e8b465ee728b)
Start importing Assets/tileset_31.asset using Guid(716464699fec48144a6301d3ea37d5d1) Importer(815301076,1909f56bfc062723c751e8b465ee728b) (PreviewImporter)[PhysX] Initialized MultithreadedTaskDispatcher with 12 workers.
 -> (artifact id: '378213b91ec2be87eda4f92c74e2897d') in 0.0101773 seconds
Number of updated asset objects reloaded before import = 0Number of asset objects unloaded after import = 3

========================================================================
Received Import Request.
  Time since last request: 0.000022 seconds.
  path: Assets/tileset_5.asset
  artifactKey: Guid(762d7ebd44fdee6488815153e99c6256) Importer(815301076,1909f56bfc062723c751e8b465ee728b)
Start importing Assets/tileset_5.asset using Guid(762d7ebd44fdee6488815153e99c6256) Importer(815301076,1909f56bfc062723c751e8b465ee728b) (PreviewImporter)[PhysX] Initialized MultithreadedTaskDispatcher with 12 workers.
 -> (artifact id: '3bdd117c3a65df042314c79c64b9b902') in 0.0127361 seconds
Number of updated asset objects reloaded before import = 0Number of asset objects unloaded after import = 3

========================================================================
Received Import Request.
  Time since last request: 0.000023 seconds.
  path: Assets/tileset_28.asset
  artifactKey: Guid(377e1b3063fd0ed4caf97351e4b7a9b0) Importer(815301076,1909f56bfc062723c751e8b465ee728b)
Start importing Assets/tileset_28.asset using Guid(377e1b3063fd0ed4caf97351e4b7a9b0) Importer(815301076,1909f56bfc062723c751e8b465ee728b) (PreviewImporter)[PhysX] Initialized MultithreadedTaskDispatcher with 12 workers.
 -> (artifact id: '92fa1d0822c749f3298b7b17a3a8065b') in 0.011993 seconds
Number of updated asset objects reloaded before import = 0Number of asset objects unloaded after import = 3

========================================================================
Received Import Request.
  Time since last request: 0.000026 seconds.
  path: Assets/tileset_15.asset
  artifactKey: Guid(4d537e3737a2de44ea5bc9ad1415b066) Importer(815301076,1909f56bfc062723c751e8b465ee728b)
Start importing Assets/tileset_15.asset using Guid(4d537e3737a2de44ea5bc9ad1415b066) Importer(815301076,1909f56bfc062723c751e8b465ee728b) (PreviewImporter)[PhysX] Initialized MultithreadedTaskDispatcher with 12 workers.
 -> (artifact id: '55157b89000e5765ba832d022b0edd60') in 0.0104568 seconds
Number of updated asset objects reloaded before import = 0Number of asset objects unloaded after import = 3

========================================================================
Received Import Request.
  Time since last request: 0.000013 seconds.
  path: Assets/tileset_16.asset
  artifactKey: Guid(87352e0a43ad63a40a362877b0c40425) Importer(815301076,1909f56bfc062723c751e8b465ee728b)
Start importing Assets/tileset_16.asset using Guid(87352e0a43ad63a40a362877b0c40425) Importer(815301076,1909f56bfc062723c751e8b465ee728b) (PreviewImporter)[PhysX] Initialized MultithreadedTaskDispatcher with 12 workers.
 -> (artifact id: '471580f98e3eff27daa00dd27af391b5') in 0.008946 seconds
Number of updated asset objects reloaded before import = 0Number of asset objects unloaded after import = 3

========================================================================
Received Import Request.
  Time since last request: 0.000014 seconds.
  path: Assets/tileset_39.asset
  artifactKey: Guid(b8de26206d1d9a849bc361e5aaba6bbe) Importer(815301076,1909f56bfc062723c751e8b465ee728b)
Start importing Assets/tileset_39.asset using Guid(b8de26206d1d9a849bc361e5aaba6bbe) Importer(815301076,1909f56bfc062723c751e8b465ee728b) (PreviewImporter)[PhysX] Initialized MultithreadedTaskDispatcher with 12 workers.
 -> (artifact id: '6cae9f3b8447591b333a6767a7e017a8') in 0.0103351 seconds
Number of updated asset objects reloaded before import = 0Number of asset objects unloaded after import = 3

========================================================================
Received Import Request.
  Time since last request: 0.000014 seconds.
  path: Assets/tileset_38.asset
  artifactKey: Guid(0fe65ac94258b1a40ba43e7eece05c98) Importer(815301076,1909f56bfc062723c751e8b465ee728b)
Start importing Assets/tileset_38.asset using Guid(0fe65ac94258b1a40ba43e7eece05c98) Importer(815301076,1909f56bfc062723c751e8b465ee728b) (PreviewImporter)[PhysX] Initialized MultithreadedTaskDispatcher with 12 workers.
 -> (artifact id: 'f3e77c45eb605c563c17903e77d8aea4') in 0.0091915 seconds
Number of updated asset objects reloaded before import = 0Number of asset objects unloaded after import = 3

========================================================================
Received Import Request.
  Time since last request: 0.000018 seconds.
  path: Assets/tileset_13.asset
  artifactKey: Guid(9961f55c54e5a534bb50f1aef9df3021) Importer(815301076,1909f56bfc062723c751e8b465ee728b)
Start importing Assets/tileset_13.asset using Guid(9961f55c54e5a534bb50f1aef9df3021) Importer(815301076,1909f56bfc062723c751e8b465ee728b) (PreviewImporter)[PhysX] Initialized MultithreadedTaskDispatcher with 12 workers.
 -> (artifact id: 'ef764f94123b00f966997ae8bffadefe') in 0.0104628 seconds
Number of updated asset objects reloaded before import = 0Number of asset objects unloaded after import = 3

========================================================================
Received Import Request.
  Time since last request: 3.397448 seconds.
  path: Assets/tileset_45.asset
  artifactKey: Guid(0b71dbeea76c754458e3f88018be12d3) Importer(815301076,1909f56bfc062723c751e8b465ee728b)
Start importing Assets/tileset_45.asset using Guid(0b71dbeea76c754458e3f88018be12d3) Importer(815301076,1909f56bfc062723c751e8b465ee728b) (PreviewImporter)[PhysX] Initialized MultithreadedTaskDispatcher with 12 workers.
 -> (artifact id: '54397483314807f8e5e13dcbb4067ef4') in 0.0098789 seconds
Number of updated asset objects reloaded before import = 0Number of asset objects unloaded after import = 3

========================================================================
Received Import Request.
  Time since last request: 0.000016 seconds.
  path: Assets/tileset_53.asset
  artifactKey: Guid(3f9a17026bdb40844af90ae3d15339d7) Importer(815301076,1909f56bfc062723c751e8b465ee728b)
Start importing Assets/tileset_53.asset using Guid(3f9a17026bdb40844af90ae3d15339d7) Importer(815301076,1909f56bfc062723c751e8b465ee728b) (PreviewImporter)[PhysX] Initialized MultithreadedTaskDispatcher with 12 workers.
 -> (artifact id: 'b28f48610db8e7118fdb67795ae7337d') in 0.009811 seconds
Number of updated asset objects reloaded before import = 0Number of asset objects unloaded after import = 3

========================================================================
Received Import Request.
  Time since last request: 0.000018 seconds.
  path: Assets/tileset_70.asset
  artifactKey: Guid(4a1d86d031260324697c2935d28108ab) Importer(815301076,1909f56bfc062723c751e8b465ee728b)
Start importing Assets/tileset_70.asset using Guid(4a1d86d031260324697c2935d28108ab) Importer(815301076,1909f56bfc062723c751e8b465ee728b) (PreviewImporter)[PhysX] Initialized MultithreadedTaskDispatcher with 12 workers.
 -> (artifact id: '45696192e4c39c1eda62f892e0989bb3') in 0.0089907 seconds
Number of updated asset objects reloaded before import = 0Number of asset objects unloaded after import = 3

========================================================================
Received Import Request.
  Time since last request: 0.000018 seconds.
  path: Assets/tileset_50.asset
  artifactKey: Guid(b9991872460cf9648b6ef90bfb15e172) Importer(815301076,1909f56bfc062723c751e8b465ee728b)
Start importing Assets/tileset_50.asset using Guid(b9991872460cf9648b6ef90bfb15e172) Importer(815301076,1909f56bfc062723c751e8b465ee728b) (PreviewImporter)[PhysX] Initialized MultithreadedTaskDispatcher with 12 workers.
 -> (artifact id: 'f0c11ae539473e5a92ae7ac0bd30cf42') in 0.0086922 seconds
Number of updated asset objects reloaded before import = 0Number of asset objects unloaded after import = 3

========================================================================
Received Import Request.
  Time since last request: 0.000019 seconds.
  path: Assets/tileset_57.asset
  artifactKey: Guid(6709180ebb91ada4aace24b1ee32b274) Importer(815301076,1909f56bfc062723c751e8b465ee728b)
Start importing Assets/tileset_57.asset using Guid(6709180ebb91ada4aace24b1ee32b274) Importer(815301076,1909f56bfc062723c751e8b465ee728b) (PreviewImporter)[PhysX] Initialized MultithreadedTaskDispatcher with 12 workers.
 -> (artifact id: 'c25f77cba8540de3866e91c4354e3726') in 0.0096087 seconds
Number of updated asset objects reloaded before import = 0Number of asset objects unloaded after import = 3

========================================================================
Received Import Request.
  Time since last request: 0.000012 seconds.
  path: Assets/tileset_72.asset
  artifactKey: Guid(33d44cadacef599499e82ca188fa8ea4) Importer(815301076,1909f56bfc062723c751e8b465ee728b)
Start importing Assets/tileset_72.asset using Guid(33d44cadacef599499e82ca188fa8ea4) Importer(815301076,1909f56bfc062723c751e8b465ee728b) (PreviewImporter)[PhysX] Initialized MultithreadedTaskDispatcher with 12 workers.
 -> (artifact id: '10a3286130d10057dc74a1d730daa4c1') in 0.0114195 seconds
Number of updated asset objects reloaded before import = 0Number of asset objects unloaded after import = 3

========================================================================
Received Import Request.
  Time since last request: 0.000014 seconds.
  path: Assets/tileset_67.asset
  artifactKey: Guid(5c7ade5dbcc05ce45911512c76c01adb) Importer(815301076,1909f56bfc062723c751e8b465ee728b)
Start importing Assets/tileset_67.asset using Guid(5c7ade5dbcc05ce45911512c76c01adb) Importer(815301076,1909f56bfc062723c751e8b465ee728b) (PreviewImporter)[PhysX] Initialized MultithreadedTaskDispatcher with 12 workers.
 -> (artifact id: '6f198153a07c25acb3bf4a6127b6281d') in 0.0093855 seconds
Number of updated asset objects reloaded before import = 0Number of asset objects unloaded after import = 3

========================================================================
Received Import Request.
  Time since last request: 0.000018 seconds.
  path: Assets/tileset_48.asset
  artifactKey: Guid(1b0dd6091adee544092b09646e3906a2) Importer(815301076,1909f56bfc062723c751e8b465ee728b)
Start importing Assets/tileset_48.asset using Guid(1b0dd6091adee544092b09646e3906a2) Importer(815301076,1909f56bfc062723c751e8b465ee728b) (PreviewImporter)[PhysX] Initialized MultithreadedTaskDispatcher with 12 workers.
 -> (artifact id: '2f7d641e62d728eb29ad7e9e2d94d760') in 0.0092617 seconds
Number of updated asset objects reloaded before import = 0Number of asset objects unloaded after import = 3

========================================================================
Received Import Request.
  Time since last request: 0.000019 seconds.
  path: Assets/tileset_68.asset
  artifactKey: Guid(80b4b2ec6ae007c43bfab9f0e4d138c9) Importer(815301076,1909f56bfc062723c751e8b465ee728b)
Start importing Assets/tileset_68.asset using Guid(80b4b2ec6ae007c43bfab9f0e4d138c9) Importer(815301076,1909f56bfc062723c751e8b465ee728b) (PreviewImporter)[PhysX] Initialized MultithreadedTaskDispatcher with 12 workers.
 -> (artifact id: '61724f0c193d0e584387c0d8d100b510') in 0.0086844 seconds
Number of updated asset objects reloaded before import = 0Number of asset objects unloaded after import = 3

========================================================================
Received Import Request.
  Time since last request: 0.000019 seconds.
  path: Assets/tileset_66.asset
  artifactKey: Guid(74f70472752e7f24dac59549f2525da7) Importer(815301076,1909f56bfc062723c751e8b465ee728b)
Start importing Assets/tileset_66.asset using Guid(74f70472752e7f24dac59549f2525da7) Importer(815301076,1909f56bfc062723c751e8b465ee728b) (PreviewImporter)[PhysX] Initialized MultithreadedTaskDispatcher with 12 workers.
 -> (artifact id: 'e15e393b4ca27264bbaa1b1e43127d52') in 0.0096441 seconds
Number of updated asset objects reloaded before import = 0Number of asset objects unloaded after import = 3

========================================================================
Received Import Request.
  Time since last request: 0.000022 seconds.
  path: Assets/tileset_56.asset
  artifactKey: Guid(82b406c8080d08c4d86ccce270013b67) Importer(815301076,1909f56bfc062723c751e8b465ee728b)
Start importing Assets/tileset_56.asset using Guid(82b406c8080d08c4d86ccce270013b67) Importer(815301076,1909f56bfc062723c751e8b465ee728b) (PreviewImporter)[PhysX] Initialized MultithreadedTaskDispatcher with 12 workers.
 -> (artifact id: '5ec122c29afb3268940864e6c9240d3b') in 0.0103577 seconds
Number of updated asset objects reloaded before import = 0Number of asset objects unloaded after import = 3

========================================================================
Received Import Request.
  Time since last request: 0.000014 seconds.
  path: Assets/tileset_49.asset
  artifactKey: Guid(8665b171fab8ef24facb0cd50ba364e4) Importer(815301076,1909f56bfc062723c751e8b465ee728b)
Start importing Assets/tileset_49.asset using Guid(8665b171fab8ef24facb0cd50ba364e4) Importer(815301076,1909f56bfc062723c751e8b465ee728b) (PreviewImporter)[PhysX] Initialized MultithreadedTaskDispatcher with 12 workers.
 -> (artifact id: '17543117b5b541a437229895aaae4927') in 0.0101342 seconds
Number of updated asset objects reloaded before import = 0Number of asset objects unloaded after import = 3

========================================================================
Received Import Request.
  Time since last request: 0.000023 seconds.
  path: Assets/tileset_46.asset
  artifactKey: Guid(1ff647f86a5c3c4429f4b13e2f6ffa90) Importer(815301076,1909f56bfc062723c751e8b465ee728b)
Start importing Assets/tileset_46.asset using Guid(1ff647f86a5c3c4429f4b13e2f6ffa90) Importer(815301076,1909f56bfc062723c751e8b465ee728b) (PreviewImporter)[PhysX] Initialized MultithreadedTaskDispatcher with 12 workers.
 -> (artifact id: '1ad4eddcae593bf2f893eb0f944f4922') in 0.0160032 seconds
Number of updated asset objects reloaded before import = 0Number of asset objects unloaded after import = 3

========================================================================
Received Import Request.
  Time since last request: 0.000042 seconds.
  path: Assets/tileset_58.asset
  artifactKey: Guid(b8e6d25197f99e3499c817c40b03dee4) Importer(815301076,1909f56bfc062723c751e8b465ee728b)
Start importing Assets/tileset_58.asset using Guid(b8e6d25197f99e3499c817c40b03dee4) Importer(815301076,1909f56bfc062723c751e8b465ee728b) (PreviewImporter)[PhysX] Initialized MultithreadedTaskDispatcher with 12 workers.
 -> (artifact id: '896e8d04780b2d5ee21cfa901b404288') in 0.0137534 seconds
Number of updated asset objects reloaded before import = 0Number of asset objects unloaded after import = 3

========================================================================
Received Import Request.
  Time since last request: 0.000025 seconds.
  path: Assets/tileset_69.asset
  artifactKey: Guid(4bd4ebfac7b528546b367311765758c3) Importer(815301076,1909f56bfc062723c751e8b465ee728b)
Start importing Assets/tileset_69.asset using Guid(4bd4ebfac7b528546b367311765758c3) Importer(815301076,1909f56bfc062723c751e8b465ee728b) (PreviewImporter)[PhysX] Initialized MultithreadedTaskDispatcher with 12 workers.
 -> (artifact id: 'c8b2e5a8f8bb0841f23bf824374301ce') in 0.0318229 seconds
Number of updated asset objects reloaded before import = 0Number of asset objects unloaded after import = 3

========================================================================
Received Import Request.
  Time since last request: 13.786763 seconds.
  path: Assets/tileset_77.asset
  artifactKey: Guid(f9630709cc537cf45b8642c60f43a6d2) Importer(815301076,1909f56bfc062723c751e8b465ee728b)
Start importing Assets/tileset_77.asset using Guid(f9630709cc537cf45b8642c60f43a6d2) Importer(815301076,1909f56bfc062723c751e8b465ee728b) (PreviewImporter)[PhysX] Initialized MultithreadedTaskDispatcher with 12 workers.
 -> (artifact id: '0a177fbac5435f54d88bcd1bc4bb059f') in 0.0097298 seconds
Number of updated asset objects reloaded before import = 0Number of asset objects unloaded after import = 3

========================================================================
Received Import Request.
  Time since last request: 0.000014 seconds.
  path: Assets/tileset_80.asset
  artifactKey: Guid(540c2decbeddc004eb1e2d20789e43a1) Importer(815301076,1909f56bfc062723c751e8b465ee728b)
Start importing Assets/tileset_80.asset using Guid(540c2decbeddc004eb1e2d20789e43a1) Importer(815301076,1909f56bfc062723c751e8b465ee728b) (PreviewImporter)[PhysX] Initialized MultithreadedTaskDispatcher with 12 workers.
 -> (artifact id: '122df49642d88a0fa836bcc767f3dfb0') in 0.0096185 seconds
Number of updated asset objects reloaded before import = 0Number of asset objects unloaded after import = 3

========================================================================
Received Import Request.
  Time since last request: 0.000014 seconds.
  path: Assets/tileset_84.asset
  artifactKey: Guid(a3d614c76d47ad2479d49fb5020eb4d2) Importer(815301076,1909f56bfc062723c751e8b465ee728b)
Start importing Assets/tileset_84.asset using Guid(a3d614c76d47ad2479d49fb5020eb4d2) Importer(815301076,1909f56bfc062723c751e8b465ee728b) (PreviewImporter)[PhysX] Initialized MultithreadedTaskDispatcher with 12 workers.
 -> (artifact id: 'ebb0d671e9a6f6fff2499abfd11313a2') in 0.0104287 seconds
Number of updated asset objects reloaded before import = 0Number of asset objects unloaded after import = 3

========================================================================
Received Import Request.
  Time since last request: 0.000019 seconds.
  path: Assets/tileset_95.asset
  artifactKey: Guid(1548d5cfd5a31384e95bde19363e0c6e) Importer(815301076,1909f56bfc062723c751e8b465ee728b)
Start importing Assets/tileset_95.asset using Guid(1548d5cfd5a31384e95bde19363e0c6e) Importer(815301076,1909f56bfc062723c751e8b465ee728b) (PreviewImporter)[PhysX] Initialized MultithreadedTaskDispatcher with 12 workers.
 -> (artifact id: '30bafb30b3a3775657dae0f9750e974d') in 0.008081 seconds
Number of updated asset objects reloaded before import = 0Number of asset objects unloaded after import = 3

========================================================================
Received Import Request.
  Time since last request: 0.000013 seconds.
  path: Assets/tileset_92.asset
  artifactKey: Guid(623c2ff4fdf187548af016e71d9953ee) Importer(815301076,1909f56bfc062723c751e8b465ee728b)
Start importing Assets/tileset_92.asset using Guid(623c2ff4fdf187548af016e71d9953ee) Importer(815301076,1909f56bfc062723c751e8b465ee728b) (PreviewImporter)[PhysX] Initialized MultithreadedTaskDispatcher with 12 workers.
 -> (artifact id: 'dd0f98e3725aa5166eb26aa294e17c37') in 0.0087457 seconds
Number of updated asset objects reloaded before import = 0Number of asset objects unloaded after import = 3

========================================================================
Received Import Request.
  Time since last request: 0.183077 seconds.
  path: Assets/tileset_99.asset
  artifactKey: Guid(f3210fa52d9ea284da48eb500bc1b135) Importer(815301076,1909f56bfc062723c751e8b465ee728b)
Start importing Assets/tileset_99.asset using Guid(f3210fa52d9ea284da48eb500bc1b135) Importer(815301076,1909f56bfc062723c751e8b465ee728b) (PreviewImporter)[PhysX] Initialized MultithreadedTaskDispatcher with 12 workers.
 -> (artifact id: '30e82b681b3910463a5e55224fb68fda') in 0.0102771 seconds
Number of updated asset objects reloaded before import = 0Number of asset objects unloaded after import = 3

========================================================================
Received Import Request.
  Time since last request: 0.000012 seconds.
  path: Assets/tileset_110.asset
  artifactKey: Guid(7413ca142147aa340b7174b178fc036a) Importer(815301076,1909f56bfc062723c751e8b465ee728b)
Start importing Assets/tileset_110.asset using Guid(7413ca142147aa340b7174b178fc036a) Importer(815301076,1909f56bfc062723c751e8b465ee728b) (PreviewImporter)[PhysX] Initialized MultithreadedTaskDispatcher with 12 workers.
 -> (artifact id: '82fec6c9a8eb88ca6a38036c5a81c4d6') in 0.0092904 seconds
Number of updated asset objects reloaded before import = 0Number of asset objects unloaded after import = 3

========================================================================
Received Import Request.
  Time since last request: 0.000013 seconds.
  path: Assets/tileset_106.asset
  artifactKey: Guid(0acf425bc4b208e40b2680bcc16932b5) Importer(815301076,1909f56bfc062723c751e8b465ee728b)
Start importing Assets/tileset_106.asset using Guid(0acf425bc4b208e40b2680bcc16932b5) Importer(815301076,1909f56bfc062723c751e8b465ee728b) (PreviewImporter)[PhysX] Initialized MultithreadedTaskDispatcher with 12 workers.
 -> (artifact id: '71979d26d38963195cc5cb2b23b7b78c') in 0.0089727 seconds
Number of updated asset objects reloaded before import = 0Number of asset objects unloaded after import = 3

========================================================================
Received Import Request.
  Time since last request: 0.226100 seconds.
  path: Assets/tileset_114.asset
  artifactKey: Guid(95e084efcb891ff4fb82225b5528b716) Importer(815301076,1909f56bfc062723c751e8b465ee728b)
Start importing Assets/tileset_114.asset using Guid(95e084efcb891ff4fb82225b5528b716) Importer(815301076,1909f56bfc062723c751e8b465ee728b) (PreviewImporter)[PhysX] Initialized MultithreadedTaskDispatcher with 12 workers.
 -> (artifact id: 'd46effa2cb6d37620dcaa70577925457') in 0.0097479 seconds
Number of updated asset objects reloaded before import = 0Number of asset objects unloaded after import = 3

========================================================================
Received Import Request.
  Time since last request: 0.000033 seconds.
  path: Assets/tileset_124.asset
  artifactKey: Guid(8addcfe5b07b6184d877a99b5caf1545) Importer(815301076,1909f56bfc062723c751e8b465ee728b)
Start importing Assets/tileset_124.asset using Guid(8addcfe5b07b6184d877a99b5caf1545) Importer(815301076,1909f56bfc062723c751e8b465ee728b) (PreviewImporter)[PhysX] Initialized MultithreadedTaskDispatcher with 12 workers.
 -> (artifact id: '9590a80128b7a19a74fc91fcccd3836f') in 0.0088025 seconds
Number of updated asset objects reloaded before import = 0Number of asset objects unloaded after import = 3

========================================================================
Received Import Request.
  Time since last request: 0.000019 seconds.
  path: Assets/tileset_123.asset
  artifactKey: Guid(e9beb5fab99c64d45be3f70b3c176298) Importer(815301076,1909f56bfc062723c751e8b465ee728b)
Start importing Assets/tileset_123.asset using Guid(e9beb5fab99c64d45be3f70b3c176298) Importer(815301076,1909f56bfc062723c751e8b465ee728b) (PreviewImporter)[PhysX] Initialized MultithreadedTaskDispatcher with 12 workers.
 -> (artifact id: '1e9310add60418020929b366c3a38e71') in 0.0073393 seconds
Number of updated asset objects reloaded before import = 0Number of asset objects unloaded after import = 3

========================================================================
Received Import Request.
  Time since last request: 0.201167 seconds.
  path: Assets/tileset_129.asset
  artifactKey: Guid(01a34d7ef9c3ca24ab999358f76e3e9f) Importer(815301076,1909f56bfc062723c751e8b465ee728b)
Start importing Assets/tileset_129.asset using Guid(01a34d7ef9c3ca24ab999358f76e3e9f) Importer(815301076,1909f56bfc062723c751e8b465ee728b) (PreviewImporter)[PhysX] Initialized MultithreadedTaskDispatcher with 12 workers.
 -> (artifact id: '8d8b6868ab14c5ec66ad030e0bb26c50') in 0.0099039 seconds
Number of updated asset objects reloaded before import = 0Number of asset objects unloaded after import = 3

========================================================================
Received Import Request.
  Time since last request: 0.000016 seconds.
  path: Assets/tileset_134.asset
  artifactKey: Guid(24b776b277afb3b418c3a0003464920d) Importer(815301076,1909f56bfc062723c751e8b465ee728b)
Start importing Assets/tileset_134.asset using Guid(24b776b277afb3b418c3a0003464920d) Importer(815301076,1909f56bfc062723c751e8b465ee728b) (PreviewImporter)[PhysX] Initialized MultithreadedTaskDispatcher with 12 workers.
 -> (artifact id: '76ec1139ddc2e5f0d4386b0315e509d3') in 0.0082723 seconds
Number of updated asset objects reloaded before import = 0Number of asset objects unloaded after import = 3

========================================================================
Received Import Request.
  Time since last request: 23.381412 seconds.
  path: Assets/WebsiteLevelFiles/tileset_3.asset
  artifactKey: Guid(c1910b3e8f858ed41983235cefa0e122) Importer(815301076,1909f56bfc062723c751e8b465ee728b)
Start importing Assets/WebsiteLevelFiles/tileset_3.asset using Guid(c1910b3e8f858ed41983235cefa0e122) Importer(815301076,1909f56bfc062723c751e8b465ee728b) (PreviewImporter)[PhysX] Initialized MultithreadedTaskDispatcher with 12 workers.
 -> (artifact id: '5c339792bfbc14ae869004e9f10a33e3') in 0.0103501 seconds
Number of updated asset objects reloaded before import = 0Number of asset objects unloaded after import = 3

========================================================================
Received Import Request.
  Time since last request: 0.000012 seconds.
  path: Assets/WebsiteLevelFiles/tileset_53.asset
  artifactKey: Guid(41175c82d220fd94382a9e05f0129a84) Importer(815301076,1909f56bfc062723c751e8b465ee728b)
Start importing Assets/WebsiteLevelFiles/tileset_53.asset using Guid(41175c82d220fd94382a9e05f0129a84) Importer(815301076,1909f56bfc062723c751e8b465ee728b) (PreviewImporter)[PhysX] Initialized MultithreadedTaskDispatcher with 12 workers.
 -> (artifact id: 'c339fc59f107377adb9045ed0bb0b619') in 0.008395 seconds
Number of updated asset objects reloaded before import = 0Number of asset objects unloaded after import = 3

========================================================================
Received Import Request.
  Time since last request: 0.000019 seconds.
  path: Assets/WebsiteLevelFiles/tileset_44.asset
  artifactKey: Guid(ace1795f56d164748a373a2893fad79b) Importer(815301076,1909f56bfc062723c751e8b465ee728b)
Start importing Assets/WebsiteLevelFiles/tileset_44.asset using Guid(ace1795f56d164748a373a2893fad79b) Importer(815301076,1909f56bfc062723c751e8b465ee728b) (PreviewImporter)[PhysX] Initialized MultithreadedTaskDispatcher with 12 workers.
 -> (artifact id: '50b76cbc370f3dacbffa654b7d422551') in 0.004538 seconds
Number of updated asset objects reloaded before import = 0Number of asset objects unloaded after import = 3

========================================================================
Received Import Request.
  Time since last request: 0.000016 seconds.
  path: Assets/WebsiteLevelFiles/tileset_11.asset
  artifactKey: Guid(30b820db82aa2df48b980edee7df52ec) Importer(815301076,1909f56bfc062723c751e8b465ee728b)
Start importing Assets/WebsiteLevelFiles/tileset_11.asset using Guid(30b820db82aa2df48b980edee7df52ec) Importer(815301076,1909f56bfc062723c751e8b465ee728b) (PreviewImporter)[PhysX] Initialized MultithreadedTaskDispatcher with 12 workers.
 -> (artifact id: '483d8a8de3d4ab103e411694cedb4e97') in 0.0051313 seconds
Number of updated asset objects reloaded before import = 0Number of asset objects unloaded after import = 3

========================================================================
Received Import Request.
  Time since last request: 0.000015 seconds.
  path: Assets/WebsiteLevelFiles/tileset_16.asset
  artifactKey: Guid(a9e78d675a76c3040900643de529f4ac) Importer(815301076,1909f56bfc062723c751e8b465ee728b)
Start importing Assets/WebsiteLevelFiles/tileset_16.asset using Guid(a9e78d675a76c3040900643de529f4ac) Importer(815301076,1909f56bfc062723c751e8b465ee728b) (PreviewImporter)[PhysX] Initialized MultithreadedTaskDispatcher with 12 workers.
 -> (artifact id: '25624c7de71977ab5078eef36a992222') in 0.0089415 seconds
Number of updated asset objects reloaded before import = 0Number of asset objects unloaded after import = 3

========================================================================
Received Import Request.
  Time since last request: 0.000021 seconds.
  path: Assets/WebsiteLevelFiles/tileset_36.asset
  artifactKey: Guid(cc3549a0f004d9c46bead3893e1f2cd0) Importer(815301076,1909f56bfc062723c751e8b465ee728b)
Start importing Assets/WebsiteLevelFiles/tileset_36.asset using Guid(cc3549a0f004d9c46bead3893e1f2cd0) Importer(815301076,1909f56bfc062723c751e8b465ee728b) (PreviewImporter)[PhysX] Initialized MultithreadedTaskDispatcher with 12 workers.
 -> (artifact id: '4642acde0405127d0fe1e0ea21fad4d6') in 0.0046208 seconds
Number of updated asset objects reloaded before import = 0Number of asset objects unloaded after import = 3

========================================================================
Received Import Request.
  Time since last request: 0.000014 seconds.
  path: Assets/WebsiteLevelFiles/tileset_49.asset
  artifactKey: Guid(3a8ed891d32d9744f9199d58478ba853) Importer(815301076,1909f56bfc062723c751e8b465ee728b)
Start importing Assets/WebsiteLevelFiles/tileset_49.asset using Guid(3a8ed891d32d9744f9199d58478ba853) Importer(815301076,1909f56bfc062723c751e8b465ee728b) (PreviewImporter)[PhysX] Initialized MultithreadedTaskDispatcher with 12 workers.
 -> (artifact id: '71b44abc17dc9e2b628e3322bfc75bb1') in 0.0049958 seconds
Number of updated asset objects reloaded before import = 0Number of asset objects unloaded after import = 3

========================================================================
Received Import Request.
  Time since last request: 0.000011 seconds.
  path: Assets/WebsiteLevelFiles/tileset_42.asset
  artifactKey: Guid(9c6058894b4cee74f960a2fb239bb2c0) Importer(815301076,1909f56bfc062723c751e8b465ee728b)
Start importing Assets/WebsiteLevelFiles/tileset_42.asset using Guid(9c6058894b4cee74f960a2fb239bb2c0) Importer(815301076,1909f56bfc062723c751e8b465ee728b) (PreviewImporter)[PhysX] Initialized MultithreadedTaskDispatcher with 12 workers.
 -> (artifact id: '88f064faaee5d5e036441ef8abe928b0') in 0.0041877 seconds
Number of updated asset objects reloaded before import = 0Number of asset objects unloaded after import = 3

========================================================================
Received Import Request.
  Time since last request: 0.000012 seconds.
  path: Assets/WebsiteLevelFiles/tileset_59.asset
  artifactKey: Guid(e912c85531f230047b333760f521fb1c) Importer(815301076,1909f56bfc062723c751e8b465ee728b)
Start importing Assets/WebsiteLevelFiles/tileset_59.asset using Guid(e912c85531f230047b333760f521fb1c) Importer(815301076,1909f56bfc062723c751e8b465ee728b) (PreviewImporter)[PhysX] Initialized MultithreadedTaskDispatcher with 12 workers.
 -> (artifact id: '2340f8e00d9dd1544545b323e635564d') in 0.0085102 seconds
Number of updated asset objects reloaded before import = 0Number of asset objects unloaded after import = 3

========================================================================
Received Import Request.
  Time since last request: 0.000014 seconds.
  path: Assets/WebsiteLevelFiles/tileset_13.asset
  artifactKey: Guid(5696a7b96e56e9c41baba5b7f0de39ec) Importer(815301076,1909f56bfc062723c751e8b465ee728b)
Start importing Assets/WebsiteLevelFiles/tileset_13.asset using Guid(5696a7b96e56e9c41baba5b7f0de39ec) Importer(815301076,1909f56bfc062723c751e8b465ee728b) (PreviewImporter)[PhysX] Initialized MultithreadedTaskDispatcher with 12 workers.
 -> (artifact id: '3d376a605fa70bc1c7fe7dc4e00cb1e4') in 0.0049993 seconds
Number of updated asset objects reloaded before import = 0Number of asset objects unloaded after import = 3

Editor requested this worker to shutdown with reason: Scaling down because of idle timeout
AssetImportWorker is now disconnected from the server
Process exiting
Exiting without the bug reporter. Application will terminate with return code 0