Using pre-set license
Built from 'trunk' branch; Version is '6000.0.1f1 (d9cf669c6271) revision 14274406'; Using compiler version '193933522'; Build Type 'Release'
OS: 'Windows 11  (10.0.22631) 64bit Education' Language: 'en' Physical Memory: 65439 MB
BatchMode: 1, IsHumanControllingUs: 0, StartBugReporterOnCrash: 0, Is64bit: 1, IsPro: 1

COMMAND LINE ARGUMENTS:
C:\Program Files\Unity\Hub\Editor\6000.0.1f1\Editor\Unity.exe
-adb2
-batchMode
-noUpm
-name
AssetImportWorker4
-projectPath
C:/Unity Projects/PrototypeGame
-logFile
Logs/AssetImportWorker4.log
-srvPort
63377
-job-worker-count
11
-background-job-worker-count
8
-asset-garbage-collectors
1
Successfully changed project path to: C:/Unity Projects/PrototypeGame
C:/Unity Projects/PrototypeGame
[UnityMemory] Configuration Parameters - Can be set up in boot.config
    "memorysetup-bucket-allocator-granularity=16"
    "memorysetup-bucket-allocator-bucket-count=8"
    "memorysetup-bucket-allocator-block-size=33554432"
    "memorysetup-bucket-allocator-block-count=8"
    "memorysetup-main-allocator-block-size=16777216"
    "memorysetup-thread-allocator-block-size=16777216"
    "memorysetup-gfx-main-allocator-block-size=16777216"
    "memorysetup-gfx-thread-allocator-block-size=16777216"
    "memorysetup-cache-allocator-block-size=4194304"
    "memorysetup-typetree-allocator-block-size=2097152"
    "memorysetup-profiler-bucket-allocator-granularity=16"
    "memorysetup-profiler-bucket-allocator-bucket-count=8"
    "memorysetup-profiler-bucket-allocator-block-size=33554432"
    "memorysetup-profiler-bucket-allocator-block-count=8"
    "memorysetup-profiler-allocator-block-size=16777216"
    "memorysetup-profiler-editor-allocator-block-size=1048576"
    "memorysetup-temp-allocator-size-main=16777216"
    "memorysetup-job-temp-allocator-block-size=2097152"
    "memorysetup-job-temp-allocator-block-size-background=1048576"
    "memorysetup-job-temp-allocator-reduction-small-platforms=262144"
    "memorysetup-allocator-temp-initial-block-size-main=262144"
    "memorysetup-allocator-temp-initial-block-size-worker=262144"
    "memorysetup-temp-allocator-size-background-worker=32768"
    "memorysetup-temp-allocator-size-job-worker=262144"
    "memorysetup-temp-allocator-size-preload-manager=33554432"
    "memorysetup-temp-allocator-size-nav-mesh-worker=65536"
    "memorysetup-temp-allocator-size-audio-worker=65536"
    "memorysetup-temp-allocator-size-cloud-worker=32768"
    "memorysetup-temp-allocator-size-gi-baking-worker=262144"
    "memorysetup-temp-allocator-size-gi-baking-worker=262144"
    "memorysetup-temp-allocator-size-gi-baking-worker=262144"
    "memorysetup-temp-allocator-size-gi-baking-worker=262144"
    "memorysetup-temp-allocator-size-gi-baking-worker=262144"
    "memorysetup-temp-allocator-size-gfx=262144"
Player connection [4896]  Target information:

Player connection [4896]  * "[IP] 192.168.40.51 [Port] 0 [Flags] 2 [Guid] 816714783 [EditorId] 816714783 [Version] 1048832 [Id] WindowsEditor(7,Admin) [Debug] 1 [PackageName] WindowsEditor [ProjectName] Editor" 

Player connection [4896] Host joined multi-casting on [225.0.0.222:54997]...
Player connection [4896] Host joined alternative multi-casting on [225.0.0.222:34997]...
JobSystem: Creating JobQueue using job-worker-count value 11
Library Redirect Path: Library/
[PhysX] Initialized MultithreadedTaskDispatcher with 12 workers.
Refreshing native plugins compatible for Editor in 2.78 ms, found 4 plugins.
Preloading 0 native plugins for Editor in 0.00 ms.
Initialize engine version: 6000.0.1f1 (d9cf669c6271)
[Subsystems] Discovering subsystems at path C:/Program Files/Unity/Hub/Editor/6000.0.1f1/Editor/Data/Resources/UnitySubsystems
[Subsystems] Discovering subsystems at path C:/Unity Projects/PrototypeGame/Assets
GfxDevice: creating device client; kGfxThreadingModeNonThreaded
Direct3D:
    Version:  Direct3D 11.0 [level 11.1]
    Renderer: NVIDIA GeForce RTX 3080 Ti (ID=0x2208)
    Vendor:   NVIDIA
    VRAM:     12086 MB
    Driver:   32.0.15.5585
Initialize mono
Mono path[0] = 'C:/Program Files/Unity/Hub/Editor/6000.0.1f1/Editor/Data/Managed'
Mono path[1] = 'C:/Program Files/Unity/Hub/Editor/6000.0.1f1/Editor/Data/MonoBleedingEdge/lib/mono/unityjit-win32'
Mono config path = 'C:/Program Files/Unity/Hub/Editor/6000.0.1f1/Editor/Data/MonoBleedingEdge/etc'
Using monoOptions --debugger-agent=transport=dt_socket,embedding=1,server=y,suspend=n,address=127.0.0.1:56072
Begin MonoManager ReloadAssembly
Registering precompiled unity dll's ...
Register platform support module: C:/Program Files/Unity/Hub/Editor/6000.0.1f1/Editor/Data/PlaybackEngines/WebGLSupport/UnityEditor.WebGL.Extensions.dll
Register platform support module: C:/Program Files/Unity/Hub/Editor/6000.0.1f1/Editor/Data/PlaybackEngines/WindowsStandaloneSupport/UnityEditor.WindowsStandalone.Extensions.dll
Register platform support module: C:/Program Files/Unity/Hub/Editor/6000.0.1f1/Editor/Data/PlaybackEngines/MetroSupport/UnityEditor.UWP.Extensions.dll
Registered in 0.004776 seconds.
- Loaded All Assemblies, in  0.343 seconds
Native extension for UWP target not found
Native extension for WindowsStandalone target not found
Native extension for WebGL target not found
Mono: successfully reloaded assembly
- Finished resetting the current domain, in  0.388 seconds
Domain Reload Profiling: 727ms
	BeginReloadAssembly (113ms)
		ExecutionOrderSort (0ms)
		DisableScriptedObjects (0ms)
		BackupInstance (0ms)
		ReleaseScriptingObjects (0ms)
		CreateAndSetChildDomain (1ms)
	RebuildCommonClasses (31ms)
	RebuildNativeTypeToScriptingClass (12ms)
	initialDomainReloadingComplete (52ms)
	LoadAllAssembliesAndSetupDomain (131ms)
		LoadAssemblies (110ms)
		RebuildTransferFunctionScriptingTraits (0ms)
		AnalyzeDomain (128ms)
			TypeCache.Refresh (128ms)
				TypeCache.ScanAssembly (117ms)
			BuildScriptInfoCaches (0ms)
			ResolveRequiredComponents (0ms)
	FinalizeReload (388ms)
		ReleaseScriptCaches (0ms)
		RebuildScriptCaches (0ms)
		SetupLoadedEditorAssemblies (338ms)
			LogAssemblyErrors (0ms)
			InitializePlatformSupportModulesInManaged (53ms)
			SetLoadedEditorAssemblies (5ms)
			BeforeProcessingInitializeOnLoad (5ms)
			ProcessInitializeOnLoadAttributes (131ms)
			ProcessInitializeOnLoadMethodAttributes (144ms)
			AfterProcessingInitializeOnLoad (0ms)
			EditorAssembliesLoaded (0ms)
		ExecutionOrderSort2 (0ms)
		AwakeInstancesAfterBackupRestoration (0ms)
Assembly reference Packages/com.unity.cinemachine/Editor/Samples/ExposeHDRPInternals/HDRP-Editor-ref.asmref has no target assembly definition
========================================================================
Worker process is ready to serve import requests
Import Worker Mode flag is 0x00
Assembly reference Packages/com.unity.cinemachine/Editor/Samples/ExposeHDRPInternals/HDRP-Editor-ref.asmref has no target assembly definition
Assembly reference Packages/com.unity.cinemachine/Editor/Samples/ExposeHDRPInternals/HDRP-Editor-ref.asmref has no target assembly definition
Begin MonoManager ReloadAssembly
- Loaded All Assemblies, in  0.995 seconds
Assembly reference Packages/com.unity.cinemachine/Editor/Samples/ExposeHDRPInternals/HDRP-Editor-ref.asmref has no target assembly definition
Refreshing native plugins compatible for Editor in 1.66 ms, found 4 plugins.
Native extension for UWP target not found
Native extension for WindowsStandalone target not found
Native extension for WebGL target not found
Assembly reference Packages/com.unity.cinemachine/Editor/Samples/ExposeHDRPInternals/HDRP-Editor-ref.asmref has no target assembly definition
Package Manager log level set to [2]
[Package Manager] Failed to launch server process. Reason: Unity was launched with the -noUpm command-line argument
[Package Manager] Unable to send message (not connected to server process).
[Package Manager] Cannot connect to Unity Package Manager local server
Mono: successfully reloaded assembly
- Finished resetting the current domain, in  0.885 seconds
Domain Reload Profiling: 1875ms
	BeginReloadAssembly (318ms)
		ExecutionOrderSort (0ms)
		DisableScriptedObjects (8ms)
		BackupInstance (0ms)
		ReleaseScriptingObjects (0ms)
		CreateAndSetChildDomain (27ms)
	RebuildCommonClasses (29ms)
	RebuildNativeTypeToScriptingClass (9ms)
	initialDomainReloadingComplete (63ms)
	LoadAllAssembliesAndSetupDomain (570ms)
		LoadAssemblies (374ms)
		RebuildTransferFunctionScriptingTraits (0ms)
		AnalyzeDomain (284ms)
			TypeCache.Refresh (209ms)
				TypeCache.ScanAssembly (190ms)
			BuildScriptInfoCaches (61ms)
			ResolveRequiredComponents (11ms)
	FinalizeReload (886ms)
		ReleaseScriptCaches (0ms)
		RebuildScriptCaches (0ms)
		SetupLoadedEditorAssemblies (686ms)
			LogAssemblyErrors (0ms)
			InitializePlatformSupportModulesInManaged (14ms)
			SetLoadedEditorAssemblies (5ms)
			BeforeProcessingInitializeOnLoad (73ms)
			ProcessInitializeOnLoadAttributes (381ms)
			ProcessInitializeOnLoadMethodAttributes (208ms)
			AfterProcessingInitializeOnLoad (6ms)
			EditorAssembliesLoaded (0ms)
		ExecutionOrderSort2 (0ms)
		AwakeInstancesAfterBackupRestoration (6ms)
Launched and connected shader compiler UnityShaderCompiler.exe after 0.01 seconds
Refreshing native plugins compatible for Editor in 3.88 ms, found 4 plugins.
Preloading 0 native plugins for Editor in 0.00 ms.
Unloading 220 Unused Serialized files (Serialized files now loaded: 0)
Unloading 7021 unused Assets / (2.4 MB). Loaded Objects now: 7874.
Memory consumption went from 196.5 MB to 194.0 MB.
Total: 15.948600 ms (FindLiveObjects: 1.159200 ms CreateObjectMapping: 1.587400 ms MarkObjects: 10.223200 ms  DeleteObjects: 2.977800 ms)

========================================================================
Received Import Request.
  Time since last request: 158787.159182 seconds.
  path: Assets/2D Dev Sprites/Orange/Orange__Combined.png
  artifactKey: Guid(e6a6869576f6d374e8bafc0cb89b7bfb) Importer(815301076,1909f56bfc062723c751e8b465ee728b)
Start importing Assets/2D Dev Sprites/Orange/Orange__Combined.png using Guid(e6a6869576f6d374e8bafc0cb89b7bfb) Importer(815301076,1909f56bfc062723c751e8b465ee728b) (PreviewImporter)[PhysX] Initialized MultithreadedTaskDispatcher with 12 workers.
[PhysX] Initialized MultithreadedTaskDispatcher with 12 workers.
 -> (artifact id: '72050fc7d2161876c7228693bdf7c247') in 0.0720277 seconds
Number of updated asset objects reloaded before import = 0Number of asset objects unloaded after import = 3

========================================================================
Received Import Request.
  Time since last request: 97.214895 seconds.
  path: Assets/Dev Assets.prefab
  artifactKey: Guid(53e6bcd1c4710bd418b71f3b9b2b3b43) Importer(815301076,1909f56bfc062723c751e8b465ee728b)
Start importing Assets/Dev Assets.prefab using Guid(53e6bcd1c4710bd418b71f3b9b2b3b43) Importer(815301076,1909f56bfc062723c751e8b465ee728b) (PreviewImporter)[PhysX] Initialized MultithreadedTaskDispatcher with 12 workers.
[PhysX] Initialized MultithreadedTaskDispatcher with 12 workers.
 -> (artifact id: '0f6673cdf80fe96261c5c756429542de') in 0.3418368 seconds
Number of updated asset objects reloaded before import = 0Number of asset objects unloaded after import = 10

========================================================================
Received Import Request.
  Time since last request: 7.852629 seconds.
  path: Assets/2D Dev Sprites/Orange/Orange__Combined.asset
  artifactKey: Guid(783a6c74ddc6efe4e9b4e57871dcf8e6) Importer(815301076,1909f56bfc062723c751e8b465ee728b)
Start importing Assets/2D Dev Sprites/Orange/Orange__Combined.asset using Guid(783a6c74ddc6efe4e9b4e57871dcf8e6) Importer(815301076,1909f56bfc062723c751e8b465ee728b) (PreviewImporter)[PhysX] Initialized MultithreadedTaskDispatcher with 12 workers.
 -> (artifact id: '1fd0cbe13cde320fad783b928adb8093') in 0.0344695 seconds
Number of updated asset objects reloaded before import = 0Number of asset objects unloaded after import = 3

========================================================================
Received Import Request.
  Time since last request: 43.447820 seconds.
  path: Assets/2D Dev Sprites/Orange/Orange_Box64x64Measured.asset
  artifactKey: Guid(3fd576480cb6db04e8db276e06b21bd6) Importer(815301076,1909f56bfc062723c751e8b465ee728b)
Start importing Assets/2D Dev Sprites/Orange/Orange_Box64x64Measured.asset using Guid(3fd576480cb6db04e8db276e06b21bd6) Importer(815301076,1909f56bfc062723c751e8b465ee728b) (PreviewImporter)[PhysX] Initialized MultithreadedTaskDispatcher with 12 workers.
 -> (artifact id: '787b2acc1e632a5a3ada9e827807c1a5') in 0.0107584 seconds
Number of updated asset objects reloaded before import = 0Number of asset objects unloaded after import = 3

========================================================================
Received Import Request.
  Time since last request: 11.184688 seconds.
  path: Assets/2D Dev Sprites/Orange/Orange_Box64x64Measured.png
  artifactKey: Guid(5ba917986d108f440953deb4f5ced876) Importer(815301076,1909f56bfc062723c751e8b465ee728b)
Start importing Assets/2D Dev Sprites/Orange/Orange_Box64x64Measured.png using Guid(5ba917986d108f440953deb4f5ced876) Importer(815301076,1909f56bfc062723c751e8b465ee728b) (PreviewImporter)[PhysX] Initialized MultithreadedTaskDispatcher with 12 workers.
[PhysX] Initialized MultithreadedTaskDispatcher with 12 workers.
 -> (artifact id: '3b866d284c8ed59445092c3d11331252') in 0.0090664 seconds
Number of updated asset objects reloaded before import = 0Number of asset objects unloaded after import = 3

========================================================================
Received Import Request.
  Time since last request: 0.000018 seconds.
  path: Assets/2D Dev Sprites/Orange/Orange_Box64x64Measured.asset
  artifactKey: Guid(3fd576480cb6db04e8db276e06b21bd6) Importer(815301076,1909f56bfc062723c751e8b465ee728b)
Start importing Assets/2D Dev Sprites/Orange/Orange_Box64x64Measured.asset using Guid(3fd576480cb6db04e8db276e06b21bd6) Importer(815301076,1909f56bfc062723c751e8b465ee728b) (PreviewImporter)[PhysX] Initialized MultithreadedTaskDispatcher with 12 workers.
 -> (artifact id: 'b88b1301c0f93695e645f11695305650') in 0.0062909 seconds
Number of updated asset objects reloaded before import = 0Number of asset objects unloaded after import = 3

========================================================================
Received Import Request.
  Time since last request: 47.479787 seconds.
  path: Assets/2D Dev Sprites/Orange/Orange__Combined.png
  artifactKey: Guid(e6a6869576f6d374e8bafc0cb89b7bfb) Importer(815301076,1909f56bfc062723c751e8b465ee728b)
Start importing Assets/2D Dev Sprites/Orange/Orange__Combined.png using Guid(e6a6869576f6d374e8bafc0cb89b7bfb) Importer(815301076,1909f56bfc062723c751e8b465ee728b) (PreviewImporter)[PhysX] Initialized MultithreadedTaskDispatcher with 12 workers.
[PhysX] Initialized MultithreadedTaskDispatcher with 12 workers.
 -> (artifact id: '3bf484a7c06f06345640240195f47d12') in 0.0113201 seconds
Number of updated asset objects reloaded before import = 0Number of asset objects unloaded after import = 2

========================================================================
Received Import Request.
  Time since last request: 35.551657 seconds.
  path: Assets/2D Dev Sprites/Orange/Orange__Combined.png
  artifactKey: Guid(e6a6869576f6d374e8bafc0cb89b7bfb) Importer(815301076,1909f56bfc062723c751e8b465ee728b)
Start importing Assets/2D Dev Sprites/Orange/Orange__Combined.png using Guid(e6a6869576f6d374e8bafc0cb89b7bfb) Importer(815301076,1909f56bfc062723c751e8b465ee728b) (PreviewImporter)[PhysX] Initialized MultithreadedTaskDispatcher with 12 workers.
[PhysX] Initialized MultithreadedTaskDispatcher with 12 workers.
 -> (artifact id: 'ad4191f06e6c4a376544ba496c91feed') in 0.0435148 seconds
Number of updated asset objects reloaded before import = 0Number of asset objects unloaded after import = 15

========================================================================
Received Import Request.
  Time since last request: 7.133446 seconds.
  path: Assets/2D Dev Sprites/Orange/Orange__Combined_6.asset
  artifactKey: Guid(1b0c4ab7c5d167e45b1d1988b2cd1638) Importer(815301076,1909f56bfc062723c751e8b465ee728b)
Start importing Assets/2D Dev Sprites/Orange/Orange__Combined_6.asset using Guid(1b0c4ab7c5d167e45b1d1988b2cd1638) Importer(815301076,1909f56bfc062723c751e8b465ee728b) (PreviewImporter)[PhysX] Initialized MultithreadedTaskDispatcher with 12 workers.
 -> (artifact id: '71f928b5ab0ee936be918875a0d078c2') in 0.0099319 seconds
Number of updated asset objects reloaded before import = 0Number of asset objects unloaded after import = 3

========================================================================
Received Import Request.
  Time since last request: 60.596337 seconds.
  path: Assets/2D Dev Sprites/Orange/Orange__Combined.png
  artifactKey: Guid(e6a6869576f6d374e8bafc0cb89b7bfb) Importer(815301076,1909f56bfc062723c751e8b465ee728b)
Start importing Assets/2D Dev Sprites/Orange/Orange__Combined.png using Guid(e6a6869576f6d374e8bafc0cb89b7bfb) Importer(815301076,1909f56bfc062723c751e8b465ee728b) (PreviewImporter)[PhysX] Initialized MultithreadedTaskDispatcher with 12 workers.
[PhysX] Initialized MultithreadedTaskDispatcher with 12 workers.
 -> (artifact id: '560781ea6800f0c44d79c00b6f8d5257') in 0.0341378 seconds
Number of updated asset objects reloaded before import = 0Number of asset objects unloaded after import = 15

========================================================================
Received Import Request.
  Time since last request: 15.569962 seconds.
  path: Assets/2D Dev Sprites/Orange/Orange__Combined_5.asset
  artifactKey: Guid(f9c5e68a3836cfa48b6dc8482c157b1b) Importer(815301076,1909f56bfc062723c751e8b465ee728b)
Start importing Assets/2D Dev Sprites/Orange/Orange__Combined_5.asset using Guid(f9c5e68a3836cfa48b6dc8482c157b1b) Importer(815301076,1909f56bfc062723c751e8b465ee728b) (PreviewImporter)[PhysX] Initialized MultithreadedTaskDispatcher with 12 workers.
 -> (artifact id: '1b063793c1ef7510ffe6e15362bbcdc5') in 0.0101179 seconds
Number of updated asset objects reloaded before import = 0Number of asset objects unloaded after import = 3

========================================================================
Received Import Request.
  Time since last request: 18.947695 seconds.
  path: Assets/2D Dev Sprites/Orange/Orange__Combined_0.asset
  artifactKey: Guid(4ba5ff618dac2f846b85511790270f94) Importer(815301076,1909f56bfc062723c751e8b465ee728b)
Start importing Assets/2D Dev Sprites/Orange/Orange__Combined_0.asset using Guid(4ba5ff618dac2f846b85511790270f94) Importer(815301076,1909f56bfc062723c751e8b465ee728b) (PreviewImporter)[PhysX] Initialized MultithreadedTaskDispatcher with 12 workers.
 -> (artifact id: '531cd97eca3218a187b5bbe01cf07bfb') in 0.0240653 seconds
Number of updated asset objects reloaded before import = 0Number of asset objects unloaded after import = 3

========================================================================
Received Import Request.
  Time since last request: 0.000027 seconds.
  path: Assets/2D Dev Sprites/Orange/Orange__Combined_3.asset
  artifactKey: Guid(f274f11920d6d554f86fd25384fd1700) Importer(815301076,1909f56bfc062723c751e8b465ee728b)
Start importing Assets/2D Dev Sprites/Orange/Orange__Combined_3.asset using Guid(f274f11920d6d554f86fd25384fd1700) Importer(815301076,1909f56bfc062723c751e8b465ee728b) (PreviewImporter)[PhysX] Initialized MultithreadedTaskDispatcher with 12 workers.
 -> (artifact id: 'd9bf390a34f7554dcdec46ed7c02b282') in 0.0122876 seconds
Number of updated asset objects reloaded before import = 0Number of asset objects unloaded after import = 3

========================================================================
Received Import Request.
  Time since last request: 0.000021 seconds.
  path: Assets/2D Dev Sprites/Orange/Orange__Combined_4.asset
  artifactKey: Guid(e40727141fef63c409af17d94a7eb069) Importer(815301076,1909f56bfc062723c751e8b465ee728b)
Start importing Assets/2D Dev Sprites/Orange/Orange__Combined_4.asset using Guid(e40727141fef63c409af17d94a7eb069) Importer(815301076,1909f56bfc062723c751e8b465ee728b) (PreviewImporter)[PhysX] Initialized MultithreadedTaskDispatcher with 12 workers.
 -> (artifact id: '74a04b9fee16cb6f285dfb12cb93d0e4') in 0.0182042 seconds
Number of updated asset objects reloaded before import = 0Number of asset objects unloaded after import = 3

========================================================================
Received Import Request.
  Time since last request: 0.000031 seconds.
  path: Assets/2D Dev Sprites/Orange/Orange__Combined_7.asset
  artifactKey: Guid(27197d1c503554f4b97108cc8d3e4197) Importer(815301076,1909f56bfc062723c751e8b465ee728b)
Start importing Assets/2D Dev Sprites/Orange/Orange__Combined_7.asset using Guid(27197d1c503554f4b97108cc8d3e4197) Importer(815301076,1909f56bfc062723c751e8b465ee728b) (PreviewImporter)[PhysX] Initialized MultithreadedTaskDispatcher with 12 workers.
 -> (artifact id: '9497f3babdd00018164936e0e4777c7b') in 0.0107781 seconds
Number of updated asset objects reloaded before import = 0Number of asset objects unloaded after import = 3

========================================================================
Received Import Request.
  Time since last request: 0.000018 seconds.
  path: Assets/2D Dev Sprites/Orange/Orange__Combined_12.asset
  artifactKey: Guid(e60da520bd981c04a8f489bbb2800a88) Importer(815301076,1909f56bfc062723c751e8b465ee728b)
Start importing Assets/2D Dev Sprites/Orange/Orange__Combined_12.asset using Guid(e60da520bd981c04a8f489bbb2800a88) Importer(815301076,1909f56bfc062723c751e8b465ee728b) (PreviewImporter)[PhysX] Initialized MultithreadedTaskDispatcher with 12 workers.
 -> (artifact id: '646ef8787932e60823ed517520d40ab5') in 0.0148157 seconds
Number of updated asset objects reloaded before import = 0Number of asset objects unloaded after import = 3

Editor requested this worker to shutdown with reason: Scaling down because of idle timeout
AssetImportWorker is now disconnected from the server
Process exiting
Exiting without the bug reporter. Application will terminate with return code 0