Using pre-set license
Built from 'trunk' branch; Version is '6000.0.1f1 (d9cf669c6271) revision 14274406'; Using compiler version '193933522'; Build Type 'Release'
OS: 'Windows 11  (10.0.22631) 64bit Education' Language: 'en' Physical Memory: 65439 MB
BatchMode: 1, IsHumanControllingUs: 0, StartBugReporterOnCrash: 0, Is64bit: 1, IsPro: 1

COMMAND LINE ARGUMENTS:
C:\Program Files\Unity\Hub\Editor\6000.0.1f1\Editor\Unity.exe
-adb2
-batchMode
-noUpm
-name
AssetImportWorker0
-projectPath
C:/Unity Projects/PrototypeGame
-logFile
Logs/AssetImportWorker0.log
-srvPort
59677
-job-worker-count
11
-background-job-worker-count
8
-asset-garbage-collectors
1
Successfully changed project path to: C:/Unity Projects/PrototypeGame
C:/Unity Projects/PrototypeGame
[UnityMemory] Configuration Parameters - Can be set up in boot.config
    "memorysetup-bucket-allocator-granularity=16"
    "memorysetup-bucket-allocator-bucket-count=8"
    "memorysetup-bucket-allocator-block-size=33554432"
    "memorysetup-bucket-allocator-block-count=8"
    "memorysetup-main-allocator-block-size=16777216"
    "memorysetup-thread-allocator-block-size=16777216"
    "memorysetup-gfx-main-allocator-block-size=16777216"
    "memorysetup-gfx-thread-allocator-block-size=16777216"
    "memorysetup-cache-allocator-block-size=4194304"
    "memorysetup-typetree-allocator-block-size=2097152"
    "memorysetup-profiler-bucket-allocator-granularity=16"
    "memorysetup-profiler-bucket-allocator-bucket-count=8"
    "memorysetup-profiler-bucket-allocator-block-size=33554432"
    "memorysetup-profiler-bucket-allocator-block-count=8"
    "memorysetup-profiler-allocator-block-size=16777216"
    "memorysetup-profiler-editor-allocator-block-size=1048576"
    "memorysetup-temp-allocator-size-main=16777216"
    "memorysetup-job-temp-allocator-block-size=2097152"
    "memorysetup-job-temp-allocator-block-size-background=1048576"
    "memorysetup-job-temp-allocator-reduction-small-platforms=262144"
    "memorysetup-allocator-temp-initial-block-size-main=262144"
    "memorysetup-allocator-temp-initial-block-size-worker=262144"
    "memorysetup-temp-allocator-size-background-worker=32768"
    "memorysetup-temp-allocator-size-job-worker=262144"
    "memorysetup-temp-allocator-size-preload-manager=33554432"
    "memorysetup-temp-allocator-size-nav-mesh-worker=65536"
    "memorysetup-temp-allocator-size-audio-worker=65536"
    "memorysetup-temp-allocator-size-cloud-worker=32768"
    "memorysetup-temp-allocator-size-gi-baking-worker=262144"
    "memorysetup-temp-allocator-size-gi-baking-worker=262144"
    "memorysetup-temp-allocator-size-gi-baking-worker=262144"
    "memorysetup-temp-allocator-size-gi-baking-worker=262144"
    "memorysetup-temp-allocator-size-gi-baking-worker=262144"
    "memorysetup-temp-allocator-size-gfx=262144"
Player connection [31644]  Target information:

Player connection [31644]  * "[IP] 192.168.12.208 [Port] 0 [Flags] 2 [Guid] 577280421 [EditorId] 577280421 [Version] 1048832 [Id] WindowsEditor(7,Admin) [Debug] 1 [PackageName] WindowsEditor [ProjectName] Editor" 

Player connection [31644] Host joined multi-casting on [225.0.0.222:54997]...
Player connection [31644] Host joined alternative multi-casting on [225.0.0.222:34997]...
JobSystem: Creating JobQueue using job-worker-count value 11
Library Redirect Path: Library/
[PhysX] Initialized MultithreadedTaskDispatcher with 12 workers.
Refreshing native plugins compatible for Editor in 3.01 ms, found 4 plugins.
Preloading 0 native plugins for Editor in 0.00 ms.
Initialize engine version: 6000.0.1f1 (d9cf669c6271)
[Subsystems] Discovering subsystems at path C:/Program Files/Unity/Hub/Editor/6000.0.1f1/Editor/Data/Resources/UnitySubsystems
[Subsystems] Discovering subsystems at path C:/Unity Projects/PrototypeGame/Assets
GfxDevice: creating device client; kGfxThreadingModeNonThreaded
Direct3D:
    Version:  Direct3D 11.0 [level 11.1]
    Renderer: NVIDIA GeForce RTX 3080 Ti (ID=0x2208)
    Vendor:   NVIDIA
    VRAM:     12086 MB
    Driver:   32.0.15.6070
Initialize mono
Mono path[0] = 'C:/Program Files/Unity/Hub/Editor/6000.0.1f1/Editor/Data/Managed'
Mono path[1] = 'C:/Program Files/Unity/Hub/Editor/6000.0.1f1/Editor/Data/MonoBleedingEdge/lib/mono/unityjit-win32'
Mono config path = 'C:/Program Files/Unity/Hub/Editor/6000.0.1f1/Editor/Data/MonoBleedingEdge/etc'
Using monoOptions --debugger-agent=transport=dt_socket,embedding=1,server=y,suspend=n,address=127.0.0.1:56180
Begin MonoManager ReloadAssembly
Registering precompiled unity dll's ...
Register platform support module: C:/Program Files/Unity/Hub/Editor/6000.0.1f1/Editor/Data/PlaybackEngines/WebGLSupport/UnityEditor.WebGL.Extensions.dll
Register platform support module: C:/Program Files/Unity/Hub/Editor/6000.0.1f1/Editor/Data/PlaybackEngines/WindowsStandaloneSupport/UnityEditor.WindowsStandalone.Extensions.dll
Register platform support module: C:/Program Files/Unity/Hub/Editor/6000.0.1f1/Editor/Data/PlaybackEngines/MetroSupport/UnityEditor.UWP.Extensions.dll
Registered in 0.005023 seconds.
- Loaded All Assemblies, in  0.408 seconds
Native extension for UWP target not found
Native extension for WindowsStandalone target not found
Native extension for WebGL target not found
Mono: successfully reloaded assembly
- Finished resetting the current domain, in  0.393 seconds
Domain Reload Profiling: 798ms
	BeginReloadAssembly (153ms)
		ExecutionOrderSort (0ms)
		DisableScriptedObjects (0ms)
		BackupInstance (0ms)
		ReleaseScriptingObjects (0ms)
		CreateAndSetChildDomain (1ms)
	RebuildCommonClasses (34ms)
	RebuildNativeTypeToScriptingClass (11ms)
	initialDomainReloadingComplete (50ms)
	LoadAllAssembliesAndSetupDomain (155ms)
		LoadAssemblies (151ms)
		RebuildTransferFunctionScriptingTraits (0ms)
		AnalyzeDomain (152ms)
			TypeCache.Refresh (151ms)
				TypeCache.ScanAssembly (138ms)
			BuildScriptInfoCaches (0ms)
			ResolveRequiredComponents (1ms)
	FinalizeReload (393ms)
		ReleaseScriptCaches (0ms)
		RebuildScriptCaches (0ms)
		SetupLoadedEditorAssemblies (340ms)
			LogAssemblyErrors (0ms)
			InitializePlatformSupportModulesInManaged (56ms)
			SetLoadedEditorAssemblies (4ms)
			BeforeProcessingInitializeOnLoad (6ms)
			ProcessInitializeOnLoadAttributes (132ms)
			ProcessInitializeOnLoadMethodAttributes (141ms)
			AfterProcessingInitializeOnLoad (0ms)
			EditorAssembliesLoaded (0ms)
		ExecutionOrderSort2 (0ms)
		AwakeInstancesAfterBackupRestoration (0ms)
Assembly reference Packages/com.unity.cinemachine/Editor/Samples/ExposeHDRPInternals/HDRP-Editor-ref.asmref has no target assembly definition
========================================================================
Worker process is ready to serve import requests
Import Worker Mode flag is 0x00
Assembly reference Packages/com.unity.cinemachine/Editor/Samples/ExposeHDRPInternals/HDRP-Editor-ref.asmref has no target assembly definition
Assembly reference Packages/com.unity.cinemachine/Editor/Samples/ExposeHDRPInternals/HDRP-Editor-ref.asmref has no target assembly definition
Begin MonoManager ReloadAssembly
- Loaded All Assemblies, in  1.086 seconds
Assembly reference Packages/com.unity.cinemachine/Editor/Samples/ExposeHDRPInternals/HDRP-Editor-ref.asmref has no target assembly definition
Refreshing native plugins compatible for Editor in 1.99 ms, found 4 plugins.
Native extension for UWP target not found
Native extension for WindowsStandalone target not found
Native extension for WebGL target not found
Assembly reference Packages/com.unity.cinemachine/Editor/Samples/ExposeHDRPInternals/HDRP-Editor-ref.asmref has no target assembly definition
Package Manager log level set to [2]
[Package Manager] Failed to launch server process. Reason: Unity was launched with the -noUpm command-line argument
[Package Manager] Unable to send message (not connected to server process).
[Package Manager] Cannot connect to Unity Package Manager local server
Mono: successfully reloaded assembly
- Finished resetting the current domain, in  0.873 seconds
Domain Reload Profiling: 1952ms
	BeginReloadAssembly (359ms)
		ExecutionOrderSort (0ms)
		DisableScriptedObjects (6ms)
		BackupInstance (0ms)
		ReleaseScriptingObjects (0ms)
		CreateAndSetChildDomain (34ms)
	RebuildCommonClasses (34ms)
	RebuildNativeTypeToScriptingClass (10ms)
	initialDomainReloadingComplete (60ms)
	LoadAllAssembliesAndSetupDomain (616ms)
		LoadAssemblies (419ms)
		RebuildTransferFunctionScriptingTraits (0ms)
		AnalyzeDomain (289ms)
			TypeCache.Refresh (211ms)
				TypeCache.ScanAssembly (191ms)
			BuildScriptInfoCaches (64ms)
			ResolveRequiredComponents (12ms)
	FinalizeReload (874ms)
		ReleaseScriptCaches (0ms)
		RebuildScriptCaches (0ms)
		SetupLoadedEditorAssemblies (663ms)
			LogAssemblyErrors (0ms)
			InitializePlatformSupportModulesInManaged (11ms)
			SetLoadedEditorAssemblies (3ms)
			BeforeProcessingInitializeOnLoad (63ms)
			ProcessInitializeOnLoadAttributes (386ms)
			ProcessInitializeOnLoadMethodAttributes (195ms)
			AfterProcessingInitializeOnLoad (5ms)
			EditorAssembliesLoaded (0ms)
		ExecutionOrderSort2 (0ms)
		AwakeInstancesAfterBackupRestoration (5ms)
Launched and connected shader compiler UnityShaderCompiler.exe after 0.01 seconds
Refreshing native plugins compatible for Editor in 2.08 ms, found 4 plugins.
Preloading 0 native plugins for Editor in 0.00 ms.
Unloading 220 Unused Serialized files (Serialized files now loaded: 0)
Unloading 7028 unused Assets / (5.2 MB). Loaded Objects now: 7882.
Memory consumption went from 194.8 MB to 189.7 MB.
Total: 10.066800 ms (FindLiveObjects: 0.746300 ms CreateObjectMapping: 0.730500 ms MarkObjects: 5.578700 ms  DeleteObjects: 3.009900 ms)

========================================================================
Received Import Request.
  Time since last request: 538798.888805 seconds.
  path: Assets/tileset.png
  artifactKey: Guid(0d741fa03fbf08f4ea04957693b637b4) Importer(815301076,1909f56bfc062723c751e8b465ee728b)
Start importing Assets/tileset.png using Guid(0d741fa03fbf08f4ea04957693b637b4) Importer(815301076,1909f56bfc062723c751e8b465ee728b) (PreviewImporter)[PhysX] Initialized MultithreadedTaskDispatcher with 12 workers.
[PhysX] Initialized MultithreadedTaskDispatcher with 12 workers.
 -> (artifact id: '7bf900fbb7e9079582794408144d0230') in 0.066428 seconds
Number of updated asset objects reloaded before import = 0Number of asset objects unloaded after import = 4

========================================================================
Received Import Request.
  Time since last request: 12.700560 seconds.
  path: Assets/tileset.png
  artifactKey: Guid(0d741fa03fbf08f4ea04957693b637b4) Importer(815301076,1909f56bfc062723c751e8b465ee728b)
Start importing Assets/tileset.png using Guid(0d741fa03fbf08f4ea04957693b637b4) Importer(815301076,1909f56bfc062723c751e8b465ee728b) (PreviewImporter)[PhysX] Initialized MultithreadedTaskDispatcher with 12 workers.
[PhysX] Initialized MultithreadedTaskDispatcher with 12 workers.
 -> (artifact id: 'dcb7a0276176063be31d1f20f87175f9') in 0.0142163 seconds
Number of updated asset objects reloaded before import = 0Number of asset objects unloaded after import = 4

========================================================================
Received Import Request.
  Time since last request: 5.796222 seconds.
  path: Assets/tileset.png
  artifactKey: Guid(0d741fa03fbf08f4ea04957693b637b4) Importer(815301076,1909f56bfc062723c751e8b465ee728b)
Start importing Assets/tileset.png using Guid(0d741fa03fbf08f4ea04957693b637b4) Importer(815301076,1909f56bfc062723c751e8b465ee728b) (PreviewImporter)[PhysX] Initialized MultithreadedTaskDispatcher with 12 workers.
[PhysX] Initialized MultithreadedTaskDispatcher with 12 workers.
 -> (artifact id: 'de1e173f92763ad6770c4880a890b15c') in 0.0126164 seconds
Number of updated asset objects reloaded before import = 0Number of asset objects unloaded after import = 4

========================================================================
Received Import Request.
  Time since last request: 51.683097 seconds.
  path: Assets/tileset.png
  artifactKey: Guid(0d741fa03fbf08f4ea04957693b637b4) Importer(815301076,1909f56bfc062723c751e8b465ee728b)
Start importing Assets/tileset.png using Guid(0d741fa03fbf08f4ea04957693b637b4) Importer(815301076,1909f56bfc062723c751e8b465ee728b) (PreviewImporter)[PhysX] Initialized MultithreadedTaskDispatcher with 12 workers.
[PhysX] Initialized MultithreadedTaskDispatcher with 12 workers.
 -> (artifact id: '9790d63c8225be9315642e73261bf3fe') in 0.1272987 seconds
Number of updated asset objects reloaded before import = 0Number of asset objects unloaded after import = 141

========================================================================
Received Import Request.
  Time since last request: 18.182344 seconds.
  path: Assets/Website Level.prefab
  artifactKey: Guid(afd7a474ab2bf574390cbe4c81c83ae2) Importer(815301076,1909f56bfc062723c751e8b465ee728b)
Start importing Assets/Website Level.prefab using Guid(afd7a474ab2bf574390cbe4c81c83ae2) Importer(815301076,1909f56bfc062723c751e8b465ee728b) (PreviewImporter)[PhysX] Initialized MultithreadedTaskDispatcher with 12 workers.
[PhysX] Initialized MultithreadedTaskDispatcher with 12 workers.
 -> (artifact id: '0d7d0427173ec59f2ec9fbed543ee696') in 0.3320796 seconds
Number of updated asset objects reloaded before import = 0Number of asset objects unloaded after import = 10

========================================================================
Received Import Request.
  Time since last request: 6.048605 seconds.
  path: Assets/tileset_0.asset
  artifactKey: Guid(41fd3efab2282b341afd331e2c28174a) Importer(815301076,1909f56bfc062723c751e8b465ee728b)
Start importing Assets/tileset_0.asset using Guid(41fd3efab2282b341afd331e2c28174a) Importer(815301076,1909f56bfc062723c751e8b465ee728b) (PreviewImporter)[PhysX] Initialized MultithreadedTaskDispatcher with 12 workers.
 -> (artifact id: '97781f3e72cfc5554ecf47c79bd94de8') in 0.0145941 seconds
Number of updated asset objects reloaded before import = 0Number of asset objects unloaded after import = 3

========================================================================
Received Import Request.
  Time since last request: 0.000019 seconds.
  path: Assets/tileset_4.asset
  artifactKey: Guid(390caea364aa61f438bd1794ed979b09) Importer(815301076,1909f56bfc062723c751e8b465ee728b)
Start importing Assets/tileset_4.asset using Guid(390caea364aa61f438bd1794ed979b09) Importer(815301076,1909f56bfc062723c751e8b465ee728b) (PreviewImporter)[PhysX] Initialized MultithreadedTaskDispatcher with 12 workers.
 -> (artifact id: '7ad78276b73fa4370683cd6c0d4c9796') in 0.009595 seconds
Number of updated asset objects reloaded before import = 0Number of asset objects unloaded after import = 3

========================================================================
Received Import Request.
  Time since last request: 0.000024 seconds.
  path: Assets/tileset_10.asset
  artifactKey: Guid(469210b2528e3934cbfdd4b067c612f3) Importer(815301076,1909f56bfc062723c751e8b465ee728b)
Start importing Assets/tileset_10.asset using Guid(469210b2528e3934cbfdd4b067c612f3) Importer(815301076,1909f56bfc062723c751e8b465ee728b) (PreviewImporter)[PhysX] Initialized MultithreadedTaskDispatcher with 12 workers.
 -> (artifact id: '2746dd022f1b2842786d49d513e07cef') in 0.0110822 seconds
Number of updated asset objects reloaded before import = 0Number of asset objects unloaded after import = 3

========================================================================
Received Import Request.
  Time since last request: 0.000030 seconds.
  path: Assets/tileset_18.asset
  artifactKey: Guid(9aad43eaeb136e645818ef9994b3cf3b) Importer(815301076,1909f56bfc062723c751e8b465ee728b)
Start importing Assets/tileset_18.asset using Guid(9aad43eaeb136e645818ef9994b3cf3b) Importer(815301076,1909f56bfc062723c751e8b465ee728b) (PreviewImporter)[PhysX] Initialized MultithreadedTaskDispatcher with 12 workers.
 -> (artifact id: '1516d36d6361ad1a6ecb0df39fc0a60e') in 0.0096295 seconds
Number of updated asset objects reloaded before import = 0Number of asset objects unloaded after import = 3

========================================================================
Received Import Request.
  Time since last request: 0.000017 seconds.
  path: Assets/tileset_23.asset
  artifactKey: Guid(338e71675ac900242b9e05ac575bc695) Importer(815301076,1909f56bfc062723c751e8b465ee728b)
Start importing Assets/tileset_23.asset using Guid(338e71675ac900242b9e05ac575bc695) Importer(815301076,1909f56bfc062723c751e8b465ee728b) (PreviewImporter)[PhysX] Initialized MultithreadedTaskDispatcher with 12 workers.
 -> (artifact id: '134c5b27d90bc5861deada05ba1b4536') in 0.0097032 seconds
Number of updated asset objects reloaded before import = 0Number of asset objects unloaded after import = 3

========================================================================
Received Import Request.
  Time since last request: 0.000018 seconds.
  path: Assets/tileset_25.asset
  artifactKey: Guid(d588dc3ab99015d4781bf47234675d3e) Importer(815301076,1909f56bfc062723c751e8b465ee728b)
Start importing Assets/tileset_25.asset using Guid(d588dc3ab99015d4781bf47234675d3e) Importer(815301076,1909f56bfc062723c751e8b465ee728b) (PreviewImporter)[PhysX] Initialized MultithreadedTaskDispatcher with 12 workers.
 -> (artifact id: '377c8025be1e8490e79f176edc0c4747') in 0.0095094 seconds
Number of updated asset objects reloaded before import = 0Number of asset objects unloaded after import = 3

========================================================================
Received Import Request.
  Time since last request: 0.000023 seconds.
  path: Assets/tileset_42.asset
  artifactKey: Guid(c9507e52e4660734da11c02abdbd8f26) Importer(815301076,1909f56bfc062723c751e8b465ee728b)
Start importing Assets/tileset_42.asset using Guid(c9507e52e4660734da11c02abdbd8f26) Importer(815301076,1909f56bfc062723c751e8b465ee728b) (PreviewImporter)[PhysX] Initialized MultithreadedTaskDispatcher with 12 workers.
 -> (artifact id: 'a05f69e7e673e99eaaeeebc7f844b327') in 0.0108028 seconds
Number of updated asset objects reloaded before import = 0Number of asset objects unloaded after import = 3

========================================================================
Received Import Request.
  Time since last request: 0.000024 seconds.
  path: Assets/tileset_9.asset
  artifactKey: Guid(93a353ab1fd996d4685b2b0a13e575ad) Importer(815301076,1909f56bfc062723c751e8b465ee728b)
Start importing Assets/tileset_9.asset using Guid(93a353ab1fd996d4685b2b0a13e575ad) Importer(815301076,1909f56bfc062723c751e8b465ee728b) (PreviewImporter)[PhysX] Initialized MultithreadedTaskDispatcher with 12 workers.
 -> (artifact id: 'a384e140756308f2fd6d48fe66934d2a') in 0.0103289 seconds
Number of updated asset objects reloaded before import = 0Number of asset objects unloaded after import = 3

========================================================================
Received Import Request.
  Time since last request: 0.000021 seconds.
  path: Assets/tileset_43.asset
  artifactKey: Guid(d9d359973b7e48946ab3d670f64ea3cc) Importer(815301076,1909f56bfc062723c751e8b465ee728b)
Start importing Assets/tileset_43.asset using Guid(d9d359973b7e48946ab3d670f64ea3cc) Importer(815301076,1909f56bfc062723c751e8b465ee728b) (PreviewImporter)[PhysX] Initialized MultithreadedTaskDispatcher with 12 workers.
 -> (artifact id: 'abe10431b94d3560a251141449dba863') in 0.0105603 seconds
Number of updated asset objects reloaded before import = 0Number of asset objects unloaded after import = 3

========================================================================
Received Import Request.
  Time since last request: 0.000024 seconds.
  path: Assets/tileset_2.asset
  artifactKey: Guid(7aa8df099a38a42459bfb00de46fa2f1) Importer(815301076,1909f56bfc062723c751e8b465ee728b)
Start importing Assets/tileset_2.asset using Guid(7aa8df099a38a42459bfb00de46fa2f1) Importer(815301076,1909f56bfc062723c751e8b465ee728b) (PreviewImporter)[PhysX] Initialized MultithreadedTaskDispatcher with 12 workers.
 -> (artifact id: '0a9898df4ba519ba136b9d14d61aa766') in 0.0095419 seconds
Number of updated asset objects reloaded before import = 0Number of asset objects unloaded after import = 3

========================================================================
Received Import Request.
  Time since last request: 0.000032 seconds.
  path: Assets/tileset_29.asset
  artifactKey: Guid(72537eb4d3b5bf4449881424044d0677) Importer(815301076,1909f56bfc062723c751e8b465ee728b)
Start importing Assets/tileset_29.asset using Guid(72537eb4d3b5bf4449881424044d0677) Importer(815301076,1909f56bfc062723c751e8b465ee728b) (PreviewImporter)[PhysX] Initialized MultithreadedTaskDispatcher with 12 workers.
 -> (artifact id: '43aedb5e8c6029125f2a84111a6991f5') in 0.0089146 seconds
Number of updated asset objects reloaded before import = 0Number of asset objects unloaded after import = 3

========================================================================
Received Import Request.
  Time since last request: 0.000023 seconds.
  path: Assets/tileset_32.asset
  artifactKey: Guid(45283764988dcfe438cf82442c020557) Importer(815301076,1909f56bfc062723c751e8b465ee728b)
Start importing Assets/tileset_32.asset using Guid(45283764988dcfe438cf82442c020557) Importer(815301076,1909f56bfc062723c751e8b465ee728b) (PreviewImporter)[PhysX] Initialized MultithreadedTaskDispatcher with 12 workers.
 -> (artifact id: '3bc75ae277e2e5a47b68f64c22b833bf') in 0.0099647 seconds
Number of updated asset objects reloaded before import = 0Number of asset objects unloaded after import = 3

========================================================================
Received Import Request.
  Time since last request: 0.000023 seconds.
  path: Assets/tileset_22.asset
  artifactKey: Guid(7b754b391b1a7ea4db01947cd0de6a5d) Importer(815301076,1909f56bfc062723c751e8b465ee728b)
Start importing Assets/tileset_22.asset using Guid(7b754b391b1a7ea4db01947cd0de6a5d) Importer(815301076,1909f56bfc062723c751e8b465ee728b) (PreviewImporter)[PhysX] Initialized MultithreadedTaskDispatcher with 12 workers.
 -> (artifact id: '67acecfcac6642cced0699263894faf9') in 0.0097578 seconds
Number of updated asset objects reloaded before import = 0Number of asset objects unloaded after import = 3

========================================================================
Received Import Request.
  Time since last request: 0.000019 seconds.
  path: Assets/tileset_34.asset
  artifactKey: Guid(878c3e7ceecc40a4195e761b0b15fdaa) Importer(815301076,1909f56bfc062723c751e8b465ee728b)
Start importing Assets/tileset_34.asset using Guid(878c3e7ceecc40a4195e761b0b15fdaa) Importer(815301076,1909f56bfc062723c751e8b465ee728b) (PreviewImporter)[PhysX] Initialized MultithreadedTaskDispatcher with 12 workers.
 -> (artifact id: '4e73f14bd15476fc21c67ba204917012') in 0.0099794 seconds
Number of updated asset objects reloaded before import = 0Number of asset objects unloaded after import = 3

========================================================================
Received Import Request.
  Time since last request: 0.000030 seconds.
  path: Assets/tileset_21.asset
  artifactKey: Guid(c5f4f69491b512f4aa5f904dc932d698) Importer(815301076,1909f56bfc062723c751e8b465ee728b)
Start importing Assets/tileset_21.asset using Guid(c5f4f69491b512f4aa5f904dc932d698) Importer(815301076,1909f56bfc062723c751e8b465ee728b) (PreviewImporter)[PhysX] Initialized MultithreadedTaskDispatcher with 12 workers.
 -> (artifact id: '1e005ec644203aae1afafeb2ca3c9ff1') in 0.0122942 seconds
Number of updated asset objects reloaded before import = 0Number of asset objects unloaded after import = 3

========================================================================
Received Import Request.
  Time since last request: 0.000019 seconds.
  path: Assets/tileset_35.asset
  artifactKey: Guid(19dedc36b38b089499b67b4bb0bc65af) Importer(815301076,1909f56bfc062723c751e8b465ee728b)
Start importing Assets/tileset_35.asset using Guid(19dedc36b38b089499b67b4bb0bc65af) Importer(815301076,1909f56bfc062723c751e8b465ee728b) (PreviewImporter)[PhysX] Initialized MultithreadedTaskDispatcher with 12 workers.
 -> (artifact id: 'a44945c4fe641126b0ad9796437e4564') in 0.0127983 seconds
Number of updated asset objects reloaded before import = 0Number of asset objects unloaded after import = 3

========================================================================
Received Import Request.
  Time since last request: 0.000057 seconds.
  path: Assets/tileset_12.asset
  artifactKey: Guid(93c22d1803fef694a8ba30ee7cb66a99) Importer(815301076,1909f56bfc062723c751e8b465ee728b)
Start importing Assets/tileset_12.asset using Guid(93c22d1803fef694a8ba30ee7cb66a99) Importer(815301076,1909f56bfc062723c751e8b465ee728b) (PreviewImporter)[PhysX] Initialized MultithreadedTaskDispatcher with 12 workers.
 -> (artifact id: 'f8d2a5a21730dc194c6a90e7261bddc7') in 0.0128482 seconds
Number of updated asset objects reloaded before import = 0Number of asset objects unloaded after import = 3

========================================================================
Received Import Request.
  Time since last request: 0.000029 seconds.
  path: Assets/tileset_40.asset
  artifactKey: Guid(153be3e02ed0fa448920ece387c5b0e3) Importer(815301076,1909f56bfc062723c751e8b465ee728b)
Start importing Assets/tileset_40.asset using Guid(153be3e02ed0fa448920ece387c5b0e3) Importer(815301076,1909f56bfc062723c751e8b465ee728b) (PreviewImporter)[PhysX] Initialized MultithreadedTaskDispatcher with 12 workers.
 -> (artifact id: 'e95a1fb0cc00f262ae37695e565391a2') in 0.0096082 seconds
Number of updated asset objects reloaded before import = 0Number of asset objects unloaded after import = 3

========================================================================
Received Import Request.
  Time since last request: 0.000027 seconds.
  path: Assets/tileset_41.asset
  artifactKey: Guid(f2e5e63de7b94a647a8ade76a92bca13) Importer(815301076,1909f56bfc062723c751e8b465ee728b)
Start importing Assets/tileset_41.asset using Guid(f2e5e63de7b94a647a8ade76a92bca13) Importer(815301076,1909f56bfc062723c751e8b465ee728b) (PreviewImporter)[PhysX] Initialized MultithreadedTaskDispatcher with 12 workers.
 -> (artifact id: '33a540b28f813bc5d774fa660a4dd1a3') in 0.0090782 seconds
Number of updated asset objects reloaded before import = 0Number of asset objects unloaded after import = 3

========================================================================
Received Import Request.
  Time since last request: 0.000020 seconds.
  path: Assets/tileset_8.asset
  artifactKey: Guid(650bab78ffca0d24c85dcf73ff9a71ae) Importer(815301076,1909f56bfc062723c751e8b465ee728b)
Start importing Assets/tileset_8.asset using Guid(650bab78ffca0d24c85dcf73ff9a71ae) Importer(815301076,1909f56bfc062723c751e8b465ee728b) (PreviewImporter)[PhysX] Initialized MultithreadedTaskDispatcher with 12 workers.
 -> (artifact id: 'c5192163cc1899b2dbe40ab92c272855') in 0.009521 seconds
Number of updated asset objects reloaded before import = 0Number of asset objects unloaded after import = 3

========================================================================
Received Import Request.
  Time since last request: 0.000020 seconds.
  path: Assets/tileset_7.asset
  artifactKey: Guid(82ad62adcac0d2549b9c89e33cadab48) Importer(815301076,1909f56bfc062723c751e8b465ee728b)
Start importing Assets/tileset_7.asset using Guid(82ad62adcac0d2549b9c89e33cadab48) Importer(815301076,1909f56bfc062723c751e8b465ee728b) (PreviewImporter)[PhysX] Initialized MultithreadedTaskDispatcher with 12 workers.
 -> (artifact id: 'db56b52776e6b6e176e422a5e3640df1') in 0.0098784 seconds
Number of updated asset objects reloaded before import = 0Number of asset objects unloaded after import = 3

========================================================================
Received Import Request.
  Time since last request: 0.000018 seconds.
  path: Assets/tileset_3.asset
  artifactKey: Guid(86c903b5e5cdd374199f78a9887b3a8d) Importer(815301076,1909f56bfc062723c751e8b465ee728b)
Start importing Assets/tileset_3.asset using Guid(86c903b5e5cdd374199f78a9887b3a8d) Importer(815301076,1909f56bfc062723c751e8b465ee728b) (PreviewImporter)[PhysX] Initialized MultithreadedTaskDispatcher with 12 workers.
 -> (artifact id: '23149630599ea1bfbbe828923982d38b') in 0.0091788 seconds
Number of updated asset objects reloaded before import = 0Number of asset objects unloaded after import = 3

========================================================================
Received Import Request.
  Time since last request: 0.000025 seconds.
  path: Assets/tileset_6.asset
  artifactKey: Guid(c22b9b431b2a7ab409f178d16ff0fe5d) Importer(815301076,1909f56bfc062723c751e8b465ee728b)
Start importing Assets/tileset_6.asset using Guid(c22b9b431b2a7ab409f178d16ff0fe5d) Importer(815301076,1909f56bfc062723c751e8b465ee728b) (PreviewImporter)[PhysX] Initialized MultithreadedTaskDispatcher with 12 workers.
 -> (artifact id: '73ec2134665c79a98a801682279a8b27') in 0.0092721 seconds
Number of updated asset objects reloaded before import = 0Number of asset objects unloaded after import = 3

========================================================================
Received Import Request.
  Time since last request: 3.384317 seconds.
  path: Assets/tileset_44.asset
  artifactKey: Guid(b6f0fbf544f4b7f47a1500a70583acdc) Importer(815301076,1909f56bfc062723c751e8b465ee728b)
Start importing Assets/tileset_44.asset using Guid(b6f0fbf544f4b7f47a1500a70583acdc) Importer(815301076,1909f56bfc062723c751e8b465ee728b) (PreviewImporter)[PhysX] Initialized MultithreadedTaskDispatcher with 12 workers.
 -> (artifact id: '32aa5c5c27ad57303afb934ba27f8d15') in 0.0102134 seconds
Number of updated asset objects reloaded before import = 0Number of asset objects unloaded after import = 3

========================================================================
Received Import Request.
  Time since last request: 0.000019 seconds.
  path: Assets/tileset_47.asset
  artifactKey: Guid(aa80791b30c864f48aa3b6eb7e846c07) Importer(815301076,1909f56bfc062723c751e8b465ee728b)
Start importing Assets/tileset_47.asset using Guid(aa80791b30c864f48aa3b6eb7e846c07) Importer(815301076,1909f56bfc062723c751e8b465ee728b) (PreviewImporter)[PhysX] Initialized MultithreadedTaskDispatcher with 12 workers.
 -> (artifact id: '5bc5449fd1d5df4b98b240e3b5b43edb') in 0.0124323 seconds
Number of updated asset objects reloaded before import = 0Number of asset objects unloaded after import = 3

========================================================================
Received Import Request.
  Time since last request: 0.000020 seconds.
  path: Assets/tileset_61.asset
  artifactKey: Guid(eeaf3e8687671b94db474b177d4dabb1) Importer(815301076,1909f56bfc062723c751e8b465ee728b)
Start importing Assets/tileset_61.asset using Guid(eeaf3e8687671b94db474b177d4dabb1) Importer(815301076,1909f56bfc062723c751e8b465ee728b) (PreviewImporter)[PhysX] Initialized MultithreadedTaskDispatcher with 12 workers.
 -> (artifact id: 'b2415753a5f57b464ff318d31f699ce5') in 0.0089516 seconds
Number of updated asset objects reloaded before import = 0Number of asset objects unloaded after import = 3

========================================================================
Received Import Request.
  Time since last request: 0.000030 seconds.
  path: Assets/tileset_62.asset
  artifactKey: Guid(f1aaf1ef1065905448cafa8c5993588f) Importer(815301076,1909f56bfc062723c751e8b465ee728b)
Start importing Assets/tileset_62.asset using Guid(f1aaf1ef1065905448cafa8c5993588f) Importer(815301076,1909f56bfc062723c751e8b465ee728b) (PreviewImporter)[PhysX] Initialized MultithreadedTaskDispatcher with 12 workers.
 -> (artifact id: '945e8f569b4a482f0ddcb801684cd160') in 0.0088132 seconds
Number of updated asset objects reloaded before import = 0Number of asset objects unloaded after import = 3

========================================================================
Received Import Request.
  Time since last request: 0.000022 seconds.
  path: Assets/tileset_51.asset
  artifactKey: Guid(fdb57a2de51862848830e47127f915bd) Importer(815301076,1909f56bfc062723c751e8b465ee728b)
Start importing Assets/tileset_51.asset using Guid(fdb57a2de51862848830e47127f915bd) Importer(815301076,1909f56bfc062723c751e8b465ee728b) (PreviewImporter)[PhysX] Initialized MultithreadedTaskDispatcher with 12 workers.
 -> (artifact id: '6d0e4cdb4ad224fd7ed44a01ae550c38') in 0.0101126 seconds
Number of updated asset objects reloaded before import = 0Number of asset objects unloaded after import = 3

========================================================================
Received Import Request.
  Time since last request: 0.000019 seconds.
  path: Assets/tileset_60.asset
  artifactKey: Guid(92831969d5dcb4e48bbb79e31f090a70) Importer(815301076,1909f56bfc062723c751e8b465ee728b)
Start importing Assets/tileset_60.asset using Guid(92831969d5dcb4e48bbb79e31f090a70) Importer(815301076,1909f56bfc062723c751e8b465ee728b) (PreviewImporter)[PhysX] Initialized MultithreadedTaskDispatcher with 12 workers.
 -> (artifact id: '005c81681bb7fbe50cab0784af136aec') in 0.0104116 seconds
Number of updated asset objects reloaded before import = 0Number of asset objects unloaded after import = 3

========================================================================
Received Import Request.
  Time since last request: 0.000023 seconds.
  path: Assets/tileset_71.asset
  artifactKey: Guid(3a3ee074772c57e428eae451bf8279b9) Importer(815301076,1909f56bfc062723c751e8b465ee728b)
Start importing Assets/tileset_71.asset using Guid(3a3ee074772c57e428eae451bf8279b9) Importer(815301076,1909f56bfc062723c751e8b465ee728b) (PreviewImporter)[PhysX] Initialized MultithreadedTaskDispatcher with 12 workers.
 -> (artifact id: '37da7ab3d710b1c535f91a45e7ee1f55') in 0.010071 seconds
Number of updated asset objects reloaded before import = 0Number of asset objects unloaded after import = 3

========================================================================
Received Import Request.
  Time since last request: 0.000019 seconds.
  path: Assets/tileset_54.asset
  artifactKey: Guid(06918138fd4daa9478cf00a3069b5536) Importer(815301076,1909f56bfc062723c751e8b465ee728b)
Start importing Assets/tileset_54.asset using Guid(06918138fd4daa9478cf00a3069b5536) Importer(815301076,1909f56bfc062723c751e8b465ee728b) (PreviewImporter)[PhysX] Initialized MultithreadedTaskDispatcher with 12 workers.
 -> (artifact id: '37d3dd770e7b23e6a7ddaa5e985deb71') in 0.0115139 seconds
Number of updated asset objects reloaded before import = 0Number of asset objects unloaded after import = 3

========================================================================
Received Import Request.
  Time since last request: 0.000017 seconds.
  path: Assets/tileset_55.asset
  artifactKey: Guid(88e4cdb8c0c675745a80dd16bddde796) Importer(815301076,1909f56bfc062723c751e8b465ee728b)
Start importing Assets/tileset_55.asset using Guid(88e4cdb8c0c675745a80dd16bddde796) Importer(815301076,1909f56bfc062723c751e8b465ee728b) (PreviewImporter)[PhysX] Initialized MultithreadedTaskDispatcher with 12 workers.
 -> (artifact id: '235039b370434e952344a1f1d0b38de8') in 0.0088639 seconds
Number of updated asset objects reloaded before import = 0Number of asset objects unloaded after import = 3

========================================================================
Received Import Request.
  Time since last request: 0.000022 seconds.
  path: Assets/tileset_59.asset
  artifactKey: Guid(0c383613d46f9a84a8ce4b393504c47e) Importer(815301076,1909f56bfc062723c751e8b465ee728b)
Start importing Assets/tileset_59.asset using Guid(0c383613d46f9a84a8ce4b393504c47e) Importer(815301076,1909f56bfc062723c751e8b465ee728b) (PreviewImporter)[PhysX] Initialized MultithreadedTaskDispatcher with 12 workers.
 -> (artifact id: 'b3a391f445fa1f2b7f4de4ffc0e30559') in 0.0089946 seconds
Number of updated asset objects reloaded before import = 0Number of asset objects unloaded after import = 3

========================================================================
Received Import Request.
  Time since last request: 0.000025 seconds.
  path: Assets/tileset_64.asset
  artifactKey: Guid(087801aac64105147bd5f8f1ce22e8bb) Importer(815301076,1909f56bfc062723c751e8b465ee728b)
Start importing Assets/tileset_64.asset using Guid(087801aac64105147bd5f8f1ce22e8bb) Importer(815301076,1909f56bfc062723c751e8b465ee728b) (PreviewImporter)[PhysX] Initialized MultithreadedTaskDispatcher with 12 workers.
 -> (artifact id: 'ff43114990d9b4bcf4fea24035ec0b36') in 0.009175 seconds
Number of updated asset objects reloaded before import = 0Number of asset objects unloaded after import = 3

========================================================================
Received Import Request.
  Time since last request: 0.000032 seconds.
  path: Assets/tileset_52.asset
  artifactKey: Guid(211476255a17d1247bf6ecba0cde3f76) Importer(815301076,1909f56bfc062723c751e8b465ee728b)
Start importing Assets/tileset_52.asset using Guid(211476255a17d1247bf6ecba0cde3f76) Importer(815301076,1909f56bfc062723c751e8b465ee728b) (PreviewImporter)[PhysX] Initialized MultithreadedTaskDispatcher with 12 workers.
 -> (artifact id: 'eae97b1558da5867ebb40f19d634d088') in 0.0109926 seconds
Number of updated asset objects reloaded before import = 0Number of asset objects unloaded after import = 3

========================================================================
Received Import Request.
  Time since last request: 0.000031 seconds.
  path: Assets/tileset_63.asset
  artifactKey: Guid(5a7eb648045aa5e42805fe24a2abc6b6) Importer(815301076,1909f56bfc062723c751e8b465ee728b)
Start importing Assets/tileset_63.asset using Guid(5a7eb648045aa5e42805fe24a2abc6b6) Importer(815301076,1909f56bfc062723c751e8b465ee728b) (PreviewImporter)[PhysX] Initialized MultithreadedTaskDispatcher with 12 workers.
 -> (artifact id: '8ce4f1fe42c0e841b9fc659760373d77') in 0.0158554 seconds
Number of updated asset objects reloaded before import = 0Number of asset objects unloaded after import = 3

========================================================================
Received Import Request.
  Time since last request: 0.000038 seconds.
  path: Assets/tileset_73.asset
  artifactKey: Guid(83b8fc2d14bf03643afa3b53dfb2cd88) Importer(815301076,1909f56bfc062723c751e8b465ee728b)
Start importing Assets/tileset_73.asset using Guid(83b8fc2d14bf03643afa3b53dfb2cd88) Importer(815301076,1909f56bfc062723c751e8b465ee728b) (PreviewImporter)[PhysX] Initialized MultithreadedTaskDispatcher with 12 workers.
 -> (artifact id: 'cfb22c407672bbcaa90eb5736ddf57a3') in 0.0140785 seconds
Number of updated asset objects reloaded before import = 0Number of asset objects unloaded after import = 3

========================================================================
Received Import Request.
  Time since last request: 0.000034 seconds.
  path: Assets/tileset_65.asset
  artifactKey: Guid(aeb4acf296f150b409296f1d5e36ab6f) Importer(815301076,1909f56bfc062723c751e8b465ee728b)
Start importing Assets/tileset_65.asset using Guid(aeb4acf296f150b409296f1d5e36ab6f) Importer(815301076,1909f56bfc062723c751e8b465ee728b) (PreviewImporter)[PhysX] Initialized MultithreadedTaskDispatcher with 12 workers.
 -> (artifact id: 'a0672aa9c40f5b1a6006fba5d2530b9d') in 0.0137367 seconds
Number of updated asset objects reloaded before import = 0Number of asset objects unloaded after import = 3

========================================================================
Received Import Request.
  Time since last request: 13.798840 seconds.
  path: Assets/tileset_76.asset
  artifactKey: Guid(708b68982ebf230468f10a92f646ad78) Importer(815301076,1909f56bfc062723c751e8b465ee728b)
Start importing Assets/tileset_76.asset using Guid(708b68982ebf230468f10a92f646ad78) Importer(815301076,1909f56bfc062723c751e8b465ee728b) (PreviewImporter)[PhysX] Initialized MultithreadedTaskDispatcher with 12 workers.
 -> (artifact id: 'ad4cea2f3b217212fd2b6e9f3de30187') in 0.0116206 seconds
Number of updated asset objects reloaded before import = 0Number of asset objects unloaded after import = 3

========================================================================
Received Import Request.
  Time since last request: 0.000025 seconds.
  path: Assets/tileset_81.asset
  artifactKey: Guid(b23e4d79451948046b0704b21751c9dc) Importer(815301076,1909f56bfc062723c751e8b465ee728b)
Start importing Assets/tileset_81.asset using Guid(b23e4d79451948046b0704b21751c9dc) Importer(815301076,1909f56bfc062723c751e8b465ee728b) (PreviewImporter)[PhysX] Initialized MultithreadedTaskDispatcher with 12 workers.
 -> (artifact id: 'f75b17d7c3ba1d0ba692e16b63712205') in 0.0088319 seconds
Number of updated asset objects reloaded before import = 0Number of asset objects unloaded after import = 3

========================================================================
Received Import Request.
  Time since last request: 0.000020 seconds.
  path: Assets/tileset_82.asset
  artifactKey: Guid(cac86d70b1078c24ea13ffa0ac691075) Importer(815301076,1909f56bfc062723c751e8b465ee728b)
Start importing Assets/tileset_82.asset using Guid(cac86d70b1078c24ea13ffa0ac691075) Importer(815301076,1909f56bfc062723c751e8b465ee728b) (PreviewImporter)[PhysX] Initialized MultithreadedTaskDispatcher with 12 workers.
 -> (artifact id: 'e1c788c247ced450b9f774255bd2286f') in 0.0092373 seconds
Number of updated asset objects reloaded before import = 0Number of asset objects unloaded after import = 3

========================================================================
Received Import Request.
  Time since last request: 0.000026 seconds.
  path: Assets/tileset_93.asset
  artifactKey: Guid(a75cca85f033996409777b9914ff8d3f) Importer(815301076,1909f56bfc062723c751e8b465ee728b)
Start importing Assets/tileset_93.asset using Guid(a75cca85f033996409777b9914ff8d3f) Importer(815301076,1909f56bfc062723c751e8b465ee728b) (PreviewImporter)[PhysX] Initialized MultithreadedTaskDispatcher with 12 workers.
 -> (artifact id: '59af163cfc2b565066a35f659bd2d910') in 0.0091945 seconds
Number of updated asset objects reloaded before import = 0Number of asset objects unloaded after import = 3

========================================================================
Received Import Request.
  Time since last request: 0.000022 seconds.
  path: Assets/tileset_89.asset
  artifactKey: Guid(107cfd34cd310ec468a334a0205f66c1) Importer(815301076,1909f56bfc062723c751e8b465ee728b)
Start importing Assets/tileset_89.asset using Guid(107cfd34cd310ec468a334a0205f66c1) Importer(815301076,1909f56bfc062723c751e8b465ee728b) (PreviewImporter)[PhysX] Initialized MultithreadedTaskDispatcher with 12 workers.
 -> (artifact id: '7e30f7b98eef11f1be7af76376f68896') in 0.0083143 seconds
Number of updated asset objects reloaded before import = 0Number of asset objects unloaded after import = 3

========================================================================
Received Import Request.
  Time since last request: 0.183411 seconds.
  path: Assets/tileset_98.asset
  artifactKey: Guid(d3a822a9a7717d44898109ed73c1beaf) Importer(815301076,1909f56bfc062723c751e8b465ee728b)
Start importing Assets/tileset_98.asset using Guid(d3a822a9a7717d44898109ed73c1beaf) Importer(815301076,1909f56bfc062723c751e8b465ee728b) (PreviewImporter)[PhysX] Initialized MultithreadedTaskDispatcher with 12 workers.
 -> (artifact id: '52510396cd88827156bf7e0281dcfc92') in 0.0106201 seconds
Number of updated asset objects reloaded before import = 0Number of asset objects unloaded after import = 3

========================================================================
Received Import Request.
  Time since last request: 0.000017 seconds.
  path: Assets/tileset_103.asset
  artifactKey: Guid(2a4887121e3dffb4d88fd8b53c5b1396) Importer(815301076,1909f56bfc062723c751e8b465ee728b)
Start importing Assets/tileset_103.asset using Guid(2a4887121e3dffb4d88fd8b53c5b1396) Importer(815301076,1909f56bfc062723c751e8b465ee728b) (PreviewImporter)[PhysX] Initialized MultithreadedTaskDispatcher with 12 workers.
 -> (artifact id: '1c27376c36a29bf9bc43d6665d471abf') in 0.0100205 seconds
Number of updated asset objects reloaded before import = 0Number of asset objects unloaded after import = 3

========================================================================
Received Import Request.
  Time since last request: 0.259754 seconds.
  path: Assets/tileset_113.asset
  artifactKey: Guid(212dd33cdcff7ee4c9b14c18dad69bc3) Importer(815301076,1909f56bfc062723c751e8b465ee728b)
Start importing Assets/tileset_113.asset using Guid(212dd33cdcff7ee4c9b14c18dad69bc3) Importer(815301076,1909f56bfc062723c751e8b465ee728b) (PreviewImporter)[PhysX] Initialized MultithreadedTaskDispatcher with 12 workers.
 -> (artifact id: '4cef251092bbbb40445e9b3a0ca001c4') in 0.0084809 seconds
Number of updated asset objects reloaded before import = 0Number of asset objects unloaded after import = 3

========================================================================
Received Import Request.
  Time since last request: 0.000020 seconds.
  path: Assets/tileset_121.asset
  artifactKey: Guid(dd525577a11babb4f91e4c9030835407) Importer(815301076,1909f56bfc062723c751e8b465ee728b)
Start importing Assets/tileset_121.asset using Guid(dd525577a11babb4f91e4c9030835407) Importer(815301076,1909f56bfc062723c751e8b465ee728b) (PreviewImporter)[PhysX] Initialized MultithreadedTaskDispatcher with 12 workers.
 -> (artifact id: '41e5e63f8bacbc3a7497932667fa196f') in 0.0086979 seconds
Number of updated asset objects reloaded before import = 0Number of asset objects unloaded after import = 3

========================================================================
Received Import Request.
  Time since last request: 0.000030 seconds.
  path: Assets/tileset_118.asset
  artifactKey: Guid(25e4812dcfc923a449865ef3b5f31876) Importer(815301076,1909f56bfc062723c751e8b465ee728b)
Start importing Assets/tileset_118.asset using Guid(25e4812dcfc923a449865ef3b5f31876) Importer(815301076,1909f56bfc062723c751e8b465ee728b) (PreviewImporter)[PhysX] Initialized MultithreadedTaskDispatcher with 12 workers.
 -> (artifact id: '451bfead649241c083dda28c0828bde1') in 0.0087715 seconds
Number of updated asset objects reloaded before import = 0Number of asset objects unloaded after import = 3

========================================================================
Received Import Request.
  Time since last request: 0.200984 seconds.
  path: Assets/tileset_128.asset
  artifactKey: Guid(cc95e197ff1fd60429b602abf2f09edf) Importer(815301076,1909f56bfc062723c751e8b465ee728b)
Start importing Assets/tileset_128.asset using Guid(cc95e197ff1fd60429b602abf2f09edf) Importer(815301076,1909f56bfc062723c751e8b465ee728b) (PreviewImporter)[PhysX] Initialized MultithreadedTaskDispatcher with 12 workers.
 -> (artifact id: 'abc5d9e421b79b88c9c313885c29677c') in 0.0096802 seconds
Number of updated asset objects reloaded before import = 0Number of asset objects unloaded after import = 3

========================================================================
Received Import Request.
  Time since last request: 0.000018 seconds.
  path: Assets/tileset_133.asset
  artifactKey: Guid(ebd0222c4a0582b4fbc0a798b3288781) Importer(815301076,1909f56bfc062723c751e8b465ee728b)
Start importing Assets/tileset_133.asset using Guid(ebd0222c4a0582b4fbc0a798b3288781) Importer(815301076,1909f56bfc062723c751e8b465ee728b) (PreviewImporter)[PhysX] Initialized MultithreadedTaskDispatcher with 12 workers.
 -> (artifact id: '8828119f26284ad64173f582cf7a01ed') in 0.0087639 seconds
Number of updated asset objects reloaded before import = 0Number of asset objects unloaded after import = 3

========================================================================
Received Import Request.
  Time since last request: 23.381200 seconds.
  path: Assets/WebsiteLevelFiles/tileset_2.asset
  artifactKey: Guid(b653466dbf6a8f9498faeee43d1fb9b6) Importer(815301076,1909f56bfc062723c751e8b465ee728b)
Start importing Assets/WebsiteLevelFiles/tileset_2.asset using Guid(b653466dbf6a8f9498faeee43d1fb9b6) Importer(815301076,1909f56bfc062723c751e8b465ee728b) (PreviewImporter)[PhysX] Initialized MultithreadedTaskDispatcher with 12 workers.
 -> (artifact id: 'f7ee7b20113374767f830dc4c5c815a2') in 0.0047445 seconds
Number of updated asset objects reloaded before import = 0Number of asset objects unloaded after import = 3

========================================================================
Received Import Request.
  Time since last request: 0.000021 seconds.
  path: Assets/WebsiteLevelFiles/tileset_17.asset
  artifactKey: Guid(e99925494fc571546a58004972a844f0) Importer(815301076,1909f56bfc062723c751e8b465ee728b)
Start importing Assets/WebsiteLevelFiles/tileset_17.asset using Guid(e99925494fc571546a58004972a844f0) Importer(815301076,1909f56bfc062723c751e8b465ee728b) (PreviewImporter)[PhysX] Initialized MultithreadedTaskDispatcher with 12 workers.
 -> (artifact id: '1fb4deb7babb039ce8c4c45bfc5932f0') in 0.0100513 seconds
Number of updated asset objects reloaded before import = 0Number of asset objects unloaded after import = 3

========================================================================
Received Import Request.
  Time since last request: 0.000019 seconds.
  path: Assets/WebsiteLevelFiles/tileset_57.asset
  artifactKey: Guid(2bdf06da8d3eb6046b37c0a1ed615b4a) Importer(815301076,1909f56bfc062723c751e8b465ee728b)
Start importing Assets/WebsiteLevelFiles/tileset_57.asset using Guid(2bdf06da8d3eb6046b37c0a1ed615b4a) Importer(815301076,1909f56bfc062723c751e8b465ee728b) (PreviewImporter)[PhysX] Initialized MultithreadedTaskDispatcher with 12 workers.
 -> (artifact id: '31514888228c28660eee9214096829ae') in 0.008393 seconds
Number of updated asset objects reloaded before import = 0Number of asset objects unloaded after import = 3

========================================================================
Received Import Request.
  Time since last request: 0.000017 seconds.
  path: Assets/WebsiteLevelFiles/tileset_45.asset
  artifactKey: Guid(ccc60fe61a6eef949998a07fbc672321) Importer(815301076,1909f56bfc062723c751e8b465ee728b)
Start importing Assets/WebsiteLevelFiles/tileset_45.asset using Guid(ccc60fe61a6eef949998a07fbc672321) Importer(815301076,1909f56bfc062723c751e8b465ee728b) (PreviewImporter)[PhysX] Initialized MultithreadedTaskDispatcher with 12 workers.
 -> (artifact id: 'dc88aaac85b58ab2871df942052a46e3') in 0.0041816 seconds
Number of updated asset objects reloaded before import = 0Number of asset objects unloaded after import = 3

========================================================================
Received Import Request.
  Time since last request: 0.000017 seconds.
  path: Assets/WebsiteLevelFiles/tileset_8.asset
  artifactKey: Guid(43b9a35275caa994488af4eaf6dea8e2) Importer(815301076,1909f56bfc062723c751e8b465ee728b)
Start importing Assets/WebsiteLevelFiles/tileset_8.asset using Guid(43b9a35275caa994488af4eaf6dea8e2) Importer(815301076,1909f56bfc062723c751e8b465ee728b) (PreviewImporter)[PhysX] Initialized MultithreadedTaskDispatcher with 12 workers.
 -> (artifact id: 'fa3460ac33afdfb8ceb40e81c6bea914') in 0.010702 seconds
Number of updated asset objects reloaded before import = 0Number of asset objects unloaded after import = 3

========================================================================
Received Import Request.
  Time since last request: 0.000026 seconds.
  path: Assets/WebsiteLevelFiles/tileset_46.asset
  artifactKey: Guid(0c743c6c5ce391b4997f5cd2ab408ab4) Importer(815301076,1909f56bfc062723c751e8b465ee728b)
Start importing Assets/WebsiteLevelFiles/tileset_46.asset using Guid(0c743c6c5ce391b4997f5cd2ab408ab4) Importer(815301076,1909f56bfc062723c751e8b465ee728b) (PreviewImporter)[PhysX] Initialized MultithreadedTaskDispatcher with 12 workers.
 -> (artifact id: '80ebabc39f330aa38e6c0eee51b2e0bc') in 0.0045163 seconds
Number of updated asset objects reloaded before import = 0Number of asset objects unloaded after import = 3

========================================================================
Received Import Request.
  Time since last request: 0.000017 seconds.
  path: Assets/WebsiteLevelFiles/tileset_56.asset
  artifactKey: Guid(67e9540563023344181d20ab00557099) Importer(815301076,1909f56bfc062723c751e8b465ee728b)
Start importing Assets/WebsiteLevelFiles/tileset_56.asset using Guid(67e9540563023344181d20ab00557099) Importer(815301076,1909f56bfc062723c751e8b465ee728b) (PreviewImporter)[PhysX] Initialized MultithreadedTaskDispatcher with 12 workers.
 -> (artifact id: 'c2b0666e4fb498df2889b89daad38cb5') in 0.0046813 seconds
Number of updated asset objects reloaded before import = 0Number of asset objects unloaded after import = 3

========================================================================
Received Import Request.
  Time since last request: 0.000020 seconds.
  path: Assets/WebsiteLevelFiles/tileset_55.asset
  artifactKey: Guid(902421015e9f6de4f8549f3f825e047a) Importer(815301076,1909f56bfc062723c751e8b465ee728b)
Start importing Assets/WebsiteLevelFiles/tileset_55.asset using Guid(902421015e9f6de4f8549f3f825e047a) Importer(815301076,1909f56bfc062723c751e8b465ee728b) (PreviewImporter)[PhysX] Initialized MultithreadedTaskDispatcher with 12 workers.
 -> (artifact id: '6b2d512ff6f9cefa063f9125f5bc5a48') in 0.0042844 seconds
Number of updated asset objects reloaded before import = 0Number of asset objects unloaded after import = 3

========================================================================
Received Import Request.
  Time since last request: 0.000019 seconds.
  path: Assets/WebsiteLevelFiles/tileset_21.asset
  artifactKey: Guid(95c3eb1e542bc7949b1becb57eebd9c2) Importer(815301076,1909f56bfc062723c751e8b465ee728b)
Start importing Assets/WebsiteLevelFiles/tileset_21.asset using Guid(95c3eb1e542bc7949b1becb57eebd9c2) Importer(815301076,1909f56bfc062723c751e8b465ee728b) (PreviewImporter)[PhysX] Initialized MultithreadedTaskDispatcher with 12 workers.
 -> (artifact id: 'c4507550a636153e7745cab267b54160') in 0.0087116 seconds
Number of updated asset objects reloaded before import = 0Number of asset objects unloaded after import = 3

========================================================================
Received Import Request.
  Time since last request: 0.000022 seconds.
  path: Assets/WebsiteLevelFiles/tileset_51.asset
  artifactKey: Guid(8bb6f040ac88e4c48bab0acbd07bb0ef) Importer(815301076,1909f56bfc062723c751e8b465ee728b)
Start importing Assets/WebsiteLevelFiles/tileset_51.asset using Guid(8bb6f040ac88e4c48bab0acbd07bb0ef) Importer(815301076,1909f56bfc062723c751e8b465ee728b) (PreviewImporter)[PhysX] Initialized MultithreadedTaskDispatcher with 12 workers.
 -> (artifact id: 'bcfa2ec4dd087571586487d2cbcaac49') in 0.0088566 seconds
Number of updated asset objects reloaded before import = 0Number of asset objects unloaded after import = 3

Editor requested this worker to shutdown with reason: Scaling down because of idle timeout
AssetImportWorker is now disconnected from the server
Process exiting
Exiting without the bug reporter. Application will terminate with return code 0